13:07:49 INFO  : Launching XSCT server: xsct.bat -n  -interactive D:\Github\Microblaze\MicroblazeHello_sw\temp_xsdb_launch_script.tcl
13:07:49 INFO  : Registering command handlers for Vitis TCF services
13:07:55 INFO  : Platform repository initialization has completed.
13:07:55 INFO  : XSCT server has started successfully.
13:07:55 INFO  : plnx-install-location is set to ''
13:07:55 INFO  : Successfully done setting XSCT server connection channel  
13:07:56 INFO  : Successfully done setting workspace for the tool. 
13:07:56 INFO  : Successfully done query RDI_DATADIR 
13:08:40 INFO  : Result from executing command 'getProjects': design_1_wrapper
13:08:40 INFO  : Result from executing command 'getPlatforms': 
13:08:41 WARN  : An unexpected exception occurred in the module 'platform project logging'
13:08:41 INFO  : Platform 'design_1_wrapper' is added to custom repositories.
13:08:45 INFO  : Platform 'design_1_wrapper' is added to custom repositories.
13:09:51 INFO  : Result from executing command 'getProjects': design_1_wrapper
13:09:51 INFO  : Result from executing command 'getPlatforms': design_1_wrapper|D:/Github/Microblaze/MicroblazeHello_sw/design_1_wrapper/export/design_1_wrapper/design_1_wrapper.xpfm
13:09:51 INFO  : Checking for BSP changes to sync application flags for project 'gpio_hello'...
13:10:43 INFO  : Checking for BSP changes to sync application flags for project 'gpio_hello'...
13:11:08 INFO  : Connected to target on host '127.0.0.1' and port '3121'.
13:11:09 INFO  : Jtag cable 'Digilent Nexys4 210274533163A' is selected.
13:11:09 INFO  : 'jtag frequency' command is executed.
13:11:09 INFO  : 'targets -set -filter {jtag_cable_name =~ "Digilent Nexys4 210274533163A" && level==0 && jtag_device_ctx=="jsn-Nexys4-210274533163A-13631093-0"}' command is executed.
13:11:11 INFO  : Device configured successfully with "D:/Github/Microblaze/MicroblazeHello_sw/gpio_hello/_ide/bitstream/design_1_wrapper.bit"
13:11:12 INFO  : Context for processor 'microblaze_0' is selected.
13:11:12 INFO  : Hardware design and registers information is loaded from 'D:/Github/Microblaze/MicroblazeHello_sw/design_1_wrapper/export/design_1_wrapper/hw/design_1_wrapper.xsa'.
13:11:12 INFO  : 'configparams mdm-detect-bscan-mask 2' command is executed.
13:11:12 INFO  : Context for processor 'microblaze_0' is selected.
13:11:12 INFO  : System reset is completed.
13:11:15 INFO  : 'after 3000' command is executed.
13:11:15 INFO  : Context for processor 'microblaze_0' is selected.
13:11:15 INFO  : The application 'D:/Github/Microblaze/MicroblazeHello_sw/gpio_hello/Debug/gpio_hello.elf' is downloaded to processor 'microblaze_0'.
13:11:15 INFO  : ----------------XSDB Script----------------
connect -url tcp:127.0.0.1:3121
targets -set -filter {jtag_cable_name =~ "Digilent Nexys4 210274533163A" && level==0 && jtag_device_ctx=="jsn-Nexys4-210274533163A-13631093-0"}
fpga -file D:/Github/Microblaze/MicroblazeHello_sw/gpio_hello/_ide/bitstream/design_1_wrapper.bit
targets -set -nocase -filter {name =~ "*microblaze*#0" && bscan=="USER2" }
loadhw -hw D:/Github/Microblaze/MicroblazeHello_sw/design_1_wrapper/export/design_1_wrapper/hw/design_1_wrapper.xsa -regs
configparams mdm-detect-bscan-mask 2
targets -set -nocase -filter {name =~ "*microblaze*#0" && bscan=="USER2" }
rst -system
after 3000
targets -set -nocase -filter {name =~ "*microblaze*#0" && bscan=="USER2" }
dow D:/Github/Microblaze/MicroblazeHello_sw/gpio_hello/Debug/gpio_hello.elf
----------------End of Script----------------

13:11:15 INFO  : Context for processor 'microblaze_0' is selected.
13:11:15 INFO  : 'con' command is executed.
13:11:15 INFO  : ----------------XSDB Script (After Launch)----------------
targets -set -nocase -filter {name =~ "*microblaze*#0" && bscan=="USER2" }
con
----------------End of Script----------------

13:11:15 INFO  : Launch script is exported to file 'D:\Github\Microblaze\MicroblazeHello_sw\gpio_hello_system\_ide\scripts\systemdebugger_gpio_hello_system_standalone.tcl'
13:12:37 INFO  : Disconnected from the channel tcfchan#2.
