TRACE::2021-05-13.13:08:32::SCWPlatform::Trying to open the hw design at D:/Github/Microblaze/MicroblazeHello_sw/design_1_wrapper/hw/design_1_wrapper.xsa
TRACE::2021-05-13.13:08:32::SCWPlatform::DSA given D:/Github/Microblaze/MicroblazeHello_sw/design_1_wrapper/hw/design_1_wrapper.xsa
TRACE::2021-05-13.13:08:32::SCWPlatform::DSA absoulate path D:/Github/Microblaze/MicroblazeHello_sw/design_1_wrapper/hw/design_1_wrapper.xsa
TRACE::2021-05-13.13:08:35::SCWPlatform::DSA directory D:/Github/Microblaze/MicroblazeHello_sw/design_1_wrapper/hw
TRACE::2021-05-13.13:08:35::SCWPlatform:: Platform Path D:/Github/Microblaze/MicroblazeHello_sw/design_1_wrapper/hw/design_1_wrapper.xsa
TRACE::2021-05-13.13:08:35::SCWPlatform:: Unique name xilinx:nexys4::0.0
TRACE::2021-05-13.13:08:35::SCWPlatform::Do not have an existing db opened. 
TRACE::2021-05-13.13:08:36::SCWPlatform::Opened new HwDB with name design_1_wrapper_0
TRACE::2021-05-13.13:08:36::SCWWriter::formatted JSON is {
	"platformName":	"design_1_wrapper",
	"sprVersion":	"2.0",
	"mode":	"gui",
	"dsaType":	"Fixed",
	"platformDesc":	"design_1_wrapper",
	"platHandOff":	"D:/Github/Microblaze/Microblaze_helloword/design_1_wrapper.xsa",
	"platIntHandOff":	"<platformDir>/hw/design_1_wrapper.xsa",
	"deviceType":	"FPGA",
	"platIsPrebuiltAutogen":	"false",
	"platIsNoBootBsp":	"false",
	"hasFsblMakeHasChanges":	"false",
	"hasPmufwMakeHasChanges":	"false",
	"platPreBuiltFlag":	false,
	"platformSamplesDir":	""
}
TRACE::2021-05-13.13:08:36::SCWWriter::formatted JSON is {
	"platformName":	"design_1_wrapper",
	"sprVersion":	"2.0",
	"mode":	"gui",
	"dsaType":	"Fixed",
	"platformDesc":	"design_1_wrapper",
	"platHandOff":	"D:/Github/Microblaze/Microblaze_helloword/design_1_wrapper.xsa",
	"platIntHandOff":	"<platformDir>/hw/design_1_wrapper.xsa",
	"deviceType":	"FPGA",
	"platIsPrebuiltAutogen":	"false",
	"platIsNoBootBsp":	"false",
	"hasFsblMakeHasChanges":	"false",
	"hasPmufwMakeHasChanges":	"false",
	"platPreBuiltFlag":	false,
	"platformSamplesDir":	"",
	"platActiveSys":	"design_1_wrapper",
	"systems":	[{
			"systemName":	"design_1_wrapper",
			"systemDesc":	"design_1_wrapper",
			"sysIsBootAutoGen":	"true",
			"systemDispName":	"design_1_wrapper"
		}]
}
TRACE::2021-05-13.13:08:36::SCWPlatform::Boot application domains not present, creating them
TRACE::2021-05-13.13:08:36::SCWPlatform::Pure FPGA device, no boot application will be created.
TRACE::2021-05-13.13:08:36::SCWWriter::formatted JSON is {
	"platformName":	"design_1_wrapper",
	"sprVersion":	"2.0",
	"mode":	"gui",
	"dsaType":	"Fixed",
	"platformDesc":	"design_1_wrapper",
	"platHandOff":	"D:/Github/Microblaze/Microblaze_helloword/design_1_wrapper.xsa",
	"platIntHandOff":	"<platformDir>/hw/design_1_wrapper.xsa",
	"deviceType":	"FPGA",
	"platIsPrebuiltAutogen":	"false",
	"platIsNoBootBsp":	"false",
	"hasFsblMakeHasChanges":	"false",
	"hasPmufwMakeHasChanges":	"false",
	"platPreBuiltFlag":	false,
	"platformSamplesDir":	"",
	"platActiveSys":	"design_1_wrapper",
	"systems":	[{
			"systemName":	"design_1_wrapper",
			"systemDesc":	"design_1_wrapper",
			"sysIsBootAutoGen":	"true",
			"systemDispName":	"design_1_wrapper"
		}]
}
TRACE::2021-05-13.13:08:36::SCWWriter::formatted JSON is {
	"platformName":	"design_1_wrapper",
	"sprVersion":	"2.0",
	"mode":	"gui",
	"dsaType":	"Fixed",
	"platformDesc":	"design_1_wrapper",
	"platHandOff":	"D:/Github/Microblaze/Microblaze_helloword/design_1_wrapper.xsa",
	"platIntHandOff":	"<platformDir>/hw/design_1_wrapper.xsa",
	"deviceType":	"FPGA",
	"platIsPrebuiltAutogen":	"false",
	"platIsNoBootBsp":	"false",
	"hasFsblMakeHasChanges":	"false",
	"hasPmufwMakeHasChanges":	"false",
	"platPreBuiltFlag":	false,
	"platformSamplesDir":	"",
	"platActiveSys":	"design_1_wrapper",
	"systems":	[{
			"systemName":	"design_1_wrapper",
			"systemDesc":	"design_1_wrapper",
			"sysIsBootAutoGen":	"true",
			"systemDispName":	"design_1_wrapper"
		}]
}
TRACE::2021-05-13.13:08:36::SCWPlatform::Trying to open the hw design at D:/Github/Microblaze/MicroblazeHello_sw/design_1_wrapper/hw/design_1_wrapper.xsa
TRACE::2021-05-13.13:08:36::SCWPlatform::DSA given D:/Github/Microblaze/MicroblazeHello_sw/design_1_wrapper/hw/design_1_wrapper.xsa
TRACE::2021-05-13.13:08:36::SCWPlatform::DSA absoulate path D:/Github/Microblaze/MicroblazeHello_sw/design_1_wrapper/hw/design_1_wrapper.xsa
TRACE::2021-05-13.13:08:36::SCWPlatform::DSA directory D:/Github/Microblaze/MicroblazeHello_sw/design_1_wrapper/hw
TRACE::2021-05-13.13:08:36::SCWPlatform:: Platform Path D:/Github/Microblaze/MicroblazeHello_sw/design_1_wrapper/hw/design_1_wrapper.xsa
TRACE::2021-05-13.13:08:36::SCWPlatform:: Unique name xilinx:nexys4::0.0
TRACE::2021-05-13.13:08:36::SCWPlatform::Trying to set the existing hwdb with name design_1_wrapper_0
TRACE::2021-05-13.13:08:36::SCWPlatform::Opened existing hwdb design_1_wrapper_0
TRACE::2021-05-13.13:08:36::SCWPlatform::Found the Hw Db part of the input DSA
TRACE::2021-05-13.13:08:36::SCWDomain::checking for install qemu data   : 
TRACE::2021-05-13.13:08:36::SCWPlatform::Trying to open the hw design at D:/Github/Microblaze/MicroblazeHello_sw/design_1_wrapper/hw/design_1_wrapper.xsa
TRACE::2021-05-13.13:08:36::SCWPlatform::DSA given D:/Github/Microblaze/MicroblazeHello_sw/design_1_wrapper/hw/design_1_wrapper.xsa
TRACE::2021-05-13.13:08:36::SCWPlatform::DSA absoulate path D:/Github/Microblaze/MicroblazeHello_sw/design_1_wrapper/hw/design_1_wrapper.xsa
TRACE::2021-05-13.13:08:36::SCWPlatform::DSA directory D:/Github/Microblaze/MicroblazeHello_sw/design_1_wrapper/hw
TRACE::2021-05-13.13:08:36::SCWPlatform:: Platform Path D:/Github/Microblaze/MicroblazeHello_sw/design_1_wrapper/hw/design_1_wrapper.xsa
TRACE::2021-05-13.13:08:36::SCWPlatform:: Unique name xilinx:nexys4::0.0
TRACE::2021-05-13.13:08:36::SCWPlatform::Trying to set the existing hwdb with name design_1_wrapper_0
TRACE::2021-05-13.13:08:36::SCWPlatform::Opened existing hwdb design_1_wrapper_0
TRACE::2021-05-13.13:08:36::SCWPlatform::Found the Hw Db part of the input DSA
TRACE::2021-05-13.13:08:36::SCWPlatform::Trying to open the hw design at D:/Github/Microblaze/MicroblazeHello_sw/design_1_wrapper/hw/design_1_wrapper.xsa
TRACE::2021-05-13.13:08:36::SCWPlatform::DSA given D:/Github/Microblaze/MicroblazeHello_sw/design_1_wrapper/hw/design_1_wrapper.xsa
TRACE::2021-05-13.13:08:36::SCWPlatform::DSA absoulate path D:/Github/Microblaze/MicroblazeHello_sw/design_1_wrapper/hw/design_1_wrapper.xsa
TRACE::2021-05-13.13:08:36::SCWPlatform::DSA directory D:/Github/Microblaze/MicroblazeHello_sw/design_1_wrapper/hw
TRACE::2021-05-13.13:08:36::SCWPlatform:: Platform Path D:/Github/Microblaze/MicroblazeHello_sw/design_1_wrapper/hw/design_1_wrapper.xsa
TRACE::2021-05-13.13:08:36::SCWPlatform:: Unique name xilinx:nexys4::0.0
TRACE::2021-05-13.13:08:36::SCWPlatform::Trying to set the existing hwdb with name design_1_wrapper_0
TRACE::2021-05-13.13:08:36::SCWPlatform::Opened existing hwdb design_1_wrapper_0
TRACE::2021-05-13.13:08:36::SCWPlatform::Found the Hw Db part of the input DSA
TRACE::2021-05-13.13:08:36::SCWPlatform::Trying to open the hw design at D:/Github/Microblaze/MicroblazeHello_sw/design_1_wrapper/hw/design_1_wrapper.xsa
TRACE::2021-05-13.13:08:36::SCWPlatform::DSA given D:/Github/Microblaze/MicroblazeHello_sw/design_1_wrapper/hw/design_1_wrapper.xsa
TRACE::2021-05-13.13:08:36::SCWPlatform::DSA absoulate path D:/Github/Microblaze/MicroblazeHello_sw/design_1_wrapper/hw/design_1_wrapper.xsa
TRACE::2021-05-13.13:08:36::SCWPlatform::DSA directory D:/Github/Microblaze/MicroblazeHello_sw/design_1_wrapper/hw
TRACE::2021-05-13.13:08:36::SCWPlatform:: Platform Path D:/Github/Microblaze/MicroblazeHello_sw/design_1_wrapper/hw/design_1_wrapper.xsa
TRACE::2021-05-13.13:08:36::SCWPlatform:: Unique name xilinx:nexys4::0.0
TRACE::2021-05-13.13:08:36::SCWPlatform::Trying to set the existing hwdb with name design_1_wrapper_0
TRACE::2021-05-13.13:08:36::SCWPlatform::Opened existing hwdb design_1_wrapper_0
TRACE::2021-05-13.13:08:36::SCWPlatform::Found the Hw Db part of the input DSA
TRACE::2021-05-13.13:08:36::SCWMssOS::Checking the sw design at  D:/Github/Microblaze/MicroblazeHello_sw/design_1_wrapper/microblaze_0/standalone_microblaze_0/bsp/system.mss
TRACE::2021-05-13.13:08:36::SCWMssOS::DEBUG:  swdes dump  
TRACE::2021-05-13.13:08:36::SCWMssOS::No sw design opened at  D:/Github/Microblaze/MicroblazeHello_sw/design_1_wrapper/microblaze_0/standalone_microblaze_0/bsp/system.mss
TRACE::2021-05-13.13:08:36::SCWMssOS::mss does not exists at D:/Github/Microblaze/MicroblazeHello_sw/design_1_wrapper/microblaze_0/standalone_microblaze_0/bsp/system.mss
TRACE::2021-05-13.13:08:36::SCWMssOS::Creating sw design at  D:/Github/Microblaze/MicroblazeHello_sw/design_1_wrapper/microblaze_0/standalone_microblaze_0/bsp/system.mss
TRACE::2021-05-13.13:08:36::SCWMssOS::Adding the swdes entry, created swdb D:/Github/Microblaze/MicroblazeHello_sw/design_1_wrapper/microblaze_0/standalone_microblaze_0/bsp/system.mss with des name D:/Github/Microblaze/MicroblazeHello_sw/design_1_wrapper/microblaze_0/standalone_microblaze_0/bsp/system.mss
TRACE::2021-05-13.13:08:36::SCWMssOS::updating the scw layer changes to swdes at   D:/Github/Microblaze/MicroblazeHello_sw/design_1_wrapper/microblaze_0/standalone_microblaze_0/bsp/system.mss
TRACE::2021-05-13.13:08:36::SCWMssOS::Writing mss at D:/Github/Microblaze/MicroblazeHello_sw/design_1_wrapper/microblaze_0/standalone_microblaze_0/bsp/system.mss
TRACE::2021-05-13.13:08:36::SCWMssOS::Completed writing the mss file at D:/Github/Microblaze/MicroblazeHello_sw/design_1_wrapper/microblaze_0/standalone_microblaze_0/bsp
TRACE::2021-05-13.13:08:36::SCWMssOS::Picking up changes from newly written mss file into SCW Layer. 
TRACE::2021-05-13.13:08:36::SCWMssOS::Updated the changes from newly written mss file into SCW Layer. 
TRACE::2021-05-13.13:08:36::SCWMssOS::Completed writing the mss file at D:/Github/Microblaze/MicroblazeHello_sw/design_1_wrapper/microblaze_0/standalone_microblaze_0/bsp
TRACE::2021-05-13.13:08:36::SCWMssOS::Forcing BSP Sources regeneration.
TRACE::2021-05-13.13:08:40::SCWMssOS::Saving the mss changes D:/Github/Microblaze/MicroblazeHello_sw/design_1_wrapper/microblaze_0/standalone_microblaze_0/bsp/system.mss
TRACE::2021-05-13.13:08:40::SCWMssOS::Found a swdesign opened with the mssfile.
TRACE::2021-05-13.13:08:40::SCWMssOS::Running validate of swdbs.
KEYINFO::2021-05-13.13:08:40::SCWMssOS::Could not open the swdb for D:/Github/Microblaze/MicroblazeHello_sw/design_1_wrapper/microblaze_0/standalone_microblaze_0/bsp/system.mss
KEYINFO::2021-05-13.13:08:40::SCWMssOS::Could not open the sw design at  D:/Github/Microblaze/MicroblazeHello_sw/design_1_wrapper/microblaze_0/standalone_microblaze_0/bsp/system.mss
ERROR: [Hsi 55-1558] Software Design D:/Github/Microblaze/MicroblazeHello_sw/design_1_wrapper/microblaze_0/standalone_microblaze_0/bsp/system.mss is not found

TRACE::2021-05-13.13:08:40::SCWMssOS::Cleared the swdb table entry
TRACE::2021-05-13.13:08:40::SCWMssOS::Adding the swdes entry, mss present, able to open swdb D:/Github/Microblaze/MicroblazeHello_sw/design_1_wrapper/microblaze_0/standalone_microblaze_0/bsp/system.mss with des name system
TRACE::2021-05-13.13:08:40::SCWMssOS::Writing the mss file completed D:/Github/Microblaze/MicroblazeHello_sw/design_1_wrapper/microblaze_0/standalone_microblaze_0/bsp/system.mss
TRACE::2021-05-13.13:08:40::SCWMssOS::Commit changes completed.
TRACE::2021-05-13.13:08:40::SCWPlatform::Trying to open the hw design at D:/Github/Microblaze/MicroblazeHello_sw/design_1_wrapper/hw/design_1_wrapper.xsa
TRACE::2021-05-13.13:08:40::SCWPlatform::DSA given D:/Github/Microblaze/MicroblazeHello_sw/design_1_wrapper/hw/design_1_wrapper.xsa
TRACE::2021-05-13.13:08:40::SCWPlatform::DSA absoulate path D:/Github/Microblaze/MicroblazeHello_sw/design_1_wrapper/hw/design_1_wrapper.xsa
TRACE::2021-05-13.13:08:40::SCWPlatform::DSA directory D:/Github/Microblaze/MicroblazeHello_sw/design_1_wrapper/hw
TRACE::2021-05-13.13:08:40::SCWPlatform:: Platform Path D:/Github/Microblaze/MicroblazeHello_sw/design_1_wrapper/hw/design_1_wrapper.xsa
TRACE::2021-05-13.13:08:40::SCWPlatform:: Unique name xilinx:nexys4::0.0
TRACE::2021-05-13.13:08:40::SCWPlatform::Trying to set the existing hwdb with name design_1_wrapper_0
TRACE::2021-05-13.13:08:40::SCWPlatform::Opened existing hwdb design_1_wrapper_0
TRACE::2021-05-13.13:08:40::SCWPlatform::Found the Hw Db part of the input DSA
TRACE::2021-05-13.13:08:40::SCWMssOS::Checking the sw design at  D:/Github/Microblaze/MicroblazeHello_sw/design_1_wrapper/microblaze_0/standalone_microblaze_0/bsp/system.mss
TRACE::2021-05-13.13:08:40::SCWMssOS::DEBUG:  swdes dump  D:/Github/Microblaze/MicroblazeHello_sw/design_1_wrapper/microblaze_0/standalone_microblaze_0/bsp/system.mss|system||

TRACE::2021-05-13.13:08:40::SCWMssOS::Sw design exists and opened at  D:/Github/Microblaze/MicroblazeHello_sw/design_1_wrapper/microblaze_0/standalone_microblaze_0/bsp/system.mss
TRACE::2021-05-13.13:08:40::SCWPlatform::Trying to open the hw design at D:/Github/Microblaze/MicroblazeHello_sw/design_1_wrapper/hw/design_1_wrapper.xsa
TRACE::2021-05-13.13:08:40::SCWPlatform::DSA given D:/Github/Microblaze/MicroblazeHello_sw/design_1_wrapper/hw/design_1_wrapper.xsa
TRACE::2021-05-13.13:08:40::SCWPlatform::DSA absoulate path D:/Github/Microblaze/MicroblazeHello_sw/design_1_wrapper/hw/design_1_wrapper.xsa
TRACE::2021-05-13.13:08:40::SCWPlatform::DSA directory D:/Github/Microblaze/MicroblazeHello_sw/design_1_wrapper/hw
TRACE::2021-05-13.13:08:40::SCWPlatform:: Platform Path D:/Github/Microblaze/MicroblazeHello_sw/design_1_wrapper/hw/design_1_wrapper.xsa
TRACE::2021-05-13.13:08:40::SCWPlatform:: Unique name xilinx:nexys4::0.0
TRACE::2021-05-13.13:08:40::SCWPlatform::Trying to set the existing hwdb with name design_1_wrapper_0
TRACE::2021-05-13.13:08:40::SCWPlatform::Opened existing hwdb design_1_wrapper_0
TRACE::2021-05-13.13:08:40::SCWPlatform::Found the Hw Db part of the input DSA
TRACE::2021-05-13.13:08:40::SCWMssOS::Checking the sw design at  D:/Github/Microblaze/MicroblazeHello_sw/design_1_wrapper/microblaze_0/standalone_microblaze_0/bsp/system.mss
TRACE::2021-05-13.13:08:40::SCWMssOS::DEBUG:  swdes dump  D:/Github/Microblaze/MicroblazeHello_sw/design_1_wrapper/microblaze_0/standalone_microblaze_0/bsp/system.mss|system||

TRACE::2021-05-13.13:08:40::SCWMssOS::Sw design exists and opened at  D:/Github/Microblaze/MicroblazeHello_sw/design_1_wrapper/microblaze_0/standalone_microblaze_0/bsp/system.mss
TRACE::2021-05-13.13:08:40::SCWPlatform::Trying to open the hw design at D:/Github/Microblaze/MicroblazeHello_sw/design_1_wrapper/hw/design_1_wrapper.xsa
TRACE::2021-05-13.13:08:40::SCWPlatform::DSA given D:/Github/Microblaze/MicroblazeHello_sw/design_1_wrapper/hw/design_1_wrapper.xsa
TRACE::2021-05-13.13:08:40::SCWPlatform::DSA absoulate path D:/Github/Microblaze/MicroblazeHello_sw/design_1_wrapper/hw/design_1_wrapper.xsa
TRACE::2021-05-13.13:08:40::SCWPlatform::DSA directory D:/Github/Microblaze/MicroblazeHello_sw/design_1_wrapper/hw
TRACE::2021-05-13.13:08:40::SCWPlatform:: Platform Path D:/Github/Microblaze/MicroblazeHello_sw/design_1_wrapper/hw/design_1_wrapper.xsa
TRACE::2021-05-13.13:08:40::SCWPlatform:: Unique name xilinx:nexys4::0.0
TRACE::2021-05-13.13:08:40::SCWPlatform::Trying to set the existing hwdb with name design_1_wrapper_0
TRACE::2021-05-13.13:08:40::SCWPlatform::Opened existing hwdb design_1_wrapper_0
TRACE::2021-05-13.13:08:40::SCWPlatform::Found the Hw Db part of the input DSA
TRACE::2021-05-13.13:08:40::SCWMssOS::Checking the sw design at  D:/Github/Microblaze/MicroblazeHello_sw/design_1_wrapper/microblaze_0/standalone_microblaze_0/bsp/system.mss
TRACE::2021-05-13.13:08:40::SCWMssOS::DEBUG:  swdes dump  D:/Github/Microblaze/MicroblazeHello_sw/design_1_wrapper/microblaze_0/standalone_microblaze_0/bsp/system.mss|system||

TRACE::2021-05-13.13:08:40::SCWMssOS::Sw design exists and opened at  D:/Github/Microblaze/MicroblazeHello_sw/design_1_wrapper/microblaze_0/standalone_microblaze_0/bsp/system.mss
TRACE::2021-05-13.13:08:40::SCWWriter::formatted JSON is {
	"platformName":	"design_1_wrapper",
	"sprVersion":	"2.0",
	"mode":	"gui",
	"dsaType":	"Fixed",
	"platformDesc":	"design_1_wrapper",
	"platHandOff":	"D:/Github/Microblaze/Microblaze_helloword/design_1_wrapper.xsa",
	"platIntHandOff":	"<platformDir>/hw/design_1_wrapper.xsa",
	"deviceType":	"FPGA",
	"platIsPrebuiltAutogen":	"false",
	"platIsNoBootBsp":	"false",
	"hasFsblMakeHasChanges":	"false",
	"hasPmufwMakeHasChanges":	"false",
	"platPreBuiltFlag":	false,
	"platformSamplesDir":	"",
	"platActiveSys":	"design_1_wrapper",
	"systems":	[{
			"systemName":	"design_1_wrapper",
			"systemDesc":	"design_1_wrapper",
			"sysIsBootAutoGen":	"true",
			"systemDispName":	"design_1_wrapper",
			"sysActiveDom":	"standalone_microblaze_0",
			"sysDefaultDom":	"standalone_microblaze_0",
			"domains":	[{
					"domainName":	"standalone_microblaze_0",
					"domainDispName":	"standalone_microblaze_0",
					"domainDesc":	"standalone_microblaze_0",
					"processors":	"microblaze_0",
					"os":	"standalone",
					"sdxOs":	"standalone",
					"debugEnable":	"False",
					"domRuntimes":	["cpp"],
					"swRepo":	"",
					"mssOsVer":	"7.3",
					"mssFile":	"",
					"md5Digest":	"e3ceb7985f3363fb9f1dff312a66393e",
					"compatibleApp":	"hello_world",
					"domType":	"mssDomain",
					"arch":	"32-bit",
					"appSettings":	{
						"appCompilerFlags":	"",
						"appLinkerFlags":	""
					},
					"addedLibs":	[],
					"libOptions":	{
						"libsContainingOptions":	[]
					},
					"prebuiltLibs":	{
						"prebuiltIncPath":	[],
						"prebuiltLibPath":	[]
					},
					"isolation":	{
					}
				}]
		}]
}
LOG::2021-05-13.13:08:40::SCWPlatform::Started generating the artifacts platform design_1_wrapper
TRACE::2021-05-13.13:08:40::SCWPlatform::Sanity checking of platform is completed
LOG::2021-05-13.13:08:40::SCWPlatform::Started generating the artifacts for system configuration design_1_wrapper
LOG::2021-05-13.13:08:40::SCWSystem::Checking the domain standalone_microblaze_0
LOG::2021-05-13.13:08:40::SCWSystem::Not a boot domain 
LOG::2021-05-13.13:08:40::SCWSystem::Started Processing the domain standalone_microblaze_0
TRACE::2021-05-13.13:08:40::SCWDomain::Generating domain artifcats
TRACE::2021-05-13.13:08:40::SCWMssOS::Generating standalone artifcats
TRACE::2021-05-13.13:08:40::SCWMssOS:: Copying the user libraries. 
TRACE::2021-05-13.13:08:40::SCWPlatform::Trying to open the hw design at D:/Github/Microblaze/MicroblazeHello_sw/design_1_wrapper/hw/design_1_wrapper.xsa
TRACE::2021-05-13.13:08:40::SCWPlatform::DSA given D:/Github/Microblaze/MicroblazeHello_sw/design_1_wrapper/hw/design_1_wrapper.xsa
TRACE::2021-05-13.13:08:40::SCWPlatform::DSA absoulate path D:/Github/Microblaze/MicroblazeHello_sw/design_1_wrapper/hw/design_1_wrapper.xsa
TRACE::2021-05-13.13:08:40::SCWPlatform::DSA directory D:/Github/Microblaze/MicroblazeHello_sw/design_1_wrapper/hw
TRACE::2021-05-13.13:08:40::SCWPlatform:: Platform Path D:/Github/Microblaze/MicroblazeHello_sw/design_1_wrapper/hw/design_1_wrapper.xsa
TRACE::2021-05-13.13:08:40::SCWPlatform:: Unique name xilinx:nexys4::0.0
TRACE::2021-05-13.13:08:40::SCWPlatform::Trying to set the existing hwdb with name design_1_wrapper_0
TRACE::2021-05-13.13:08:40::SCWPlatform::Opened existing hwdb design_1_wrapper_0
TRACE::2021-05-13.13:08:40::SCWPlatform::Found the Hw Db part of the input DSA
TRACE::2021-05-13.13:08:40::SCWMssOS::Checking the sw design at  D:/Github/Microblaze/MicroblazeHello_sw/design_1_wrapper/microblaze_0/standalone_microblaze_0/bsp/system.mss
TRACE::2021-05-13.13:08:40::SCWMssOS::DEBUG:  swdes dump  D:/Github/Microblaze/MicroblazeHello_sw/design_1_wrapper/microblaze_0/standalone_microblaze_0/bsp/system.mss|system||

TRACE::2021-05-13.13:08:40::SCWMssOS::Sw design exists and opened at  D:/Github/Microblaze/MicroblazeHello_sw/design_1_wrapper/microblaze_0/standalone_microblaze_0/bsp/system.mss
TRACE::2021-05-13.13:08:40::SCWMssOS::Completed writing the mss file at D:/Github/Microblaze/MicroblazeHello_sw/design_1_wrapper/microblaze_0/standalone_microblaze_0/bsp
TRACE::2021-05-13.13:08:40::SCWMssOS::Mss edits present, copying mssfile into export location D:/Github/Microblaze/MicroblazeHello_sw/design_1_wrapper/microblaze_0/standalone_microblaze_0/bsp/system.mss
TRACE::2021-05-13.13:08:40::SCWMssOS::bsp generated is upto date with the mss file. Skipping bsp generation.
TRACE::2021-05-13.13:08:40::SCWMssOS::BSP is already built. skipping the bsp build ... 
TRACE::2021-05-13.13:08:40::SCWDomain::Skipping the build for domain :  standalone_microblaze_0
TRACE::2021-05-13.13:08:40::SCWMssOS::skipping the bsp build ... 
TRACE::2021-05-13.13:08:40::SCWMssOS::Copying to export directory.
TRACE::2021-05-13.13:08:40::SCWMssOS:: Checking if to create the Supporting Applications
TRACE::2021-05-13.13:08:40::SCWMssOS:: No Linux domain exists, trying to generate FSBL 
LOG::2021-05-13.13:08:40::SCWSystem::Completed Processing the domain standalone_microblaze_0
LOG::2021-05-13.13:08:40::SCWSystem::Completed Processing the sysconfig design_1_wrapper
LOG::2021-05-13.13:08:40::SCWPlatform::Completed generating the artifacts for system configuration design_1_wrapper
TRACE::2021-05-13.13:08:40::SCWPlatform::Started preparing the platform 
TRACE::2021-05-13.13:08:40::SCWSystem::Writing the bif file for system config design_1_wrapper
TRACE::2021-05-13.13:08:40::SCWSystem::dir created 
TRACE::2021-05-13.13:08:40::SCWSystem::Writing the bif 
TRACE::2021-05-13.13:08:40::SCWPlatform::Started writing the spfm file 
TRACE::2021-05-13.13:08:40::SCWPlatform::Started writing the xpfm file 
TRACE::2021-05-13.13:08:40::SCWPlatform::Completed generating the platform
TRACE::2021-05-13.13:08:40::SCWMssOS::Saving the mss changes D:/Github/Microblaze/MicroblazeHello_sw/design_1_wrapper/microblaze_0/standalone_microblaze_0/bsp/system.mss
TRACE::2021-05-13.13:08:40::SCWMssOS::Found a swdesign opened with the mssfile.
TRACE::2021-05-13.13:08:40::SCWMssOS::Completed writemss as part of save.
TRACE::2021-05-13.13:08:40::SCWMssOS::Commit changes completed.
TRACE::2021-05-13.13:08:40::SCWPlatform::Trying to open the hw design at D:/Github/Microblaze/MicroblazeHello_sw/design_1_wrapper/hw/design_1_wrapper.xsa
TRACE::2021-05-13.13:08:40::SCWPlatform::DSA given D:/Github/Microblaze/MicroblazeHello_sw/design_1_wrapper/hw/design_1_wrapper.xsa
TRACE::2021-05-13.13:08:40::SCWPlatform::DSA absoulate path D:/Github/Microblaze/MicroblazeHello_sw/design_1_wrapper/hw/design_1_wrapper.xsa
TRACE::2021-05-13.13:08:40::SCWPlatform::DSA directory D:/Github/Microblaze/MicroblazeHello_sw/design_1_wrapper/hw
TRACE::2021-05-13.13:08:40::SCWPlatform:: Platform Path D:/Github/Microblaze/MicroblazeHello_sw/design_1_wrapper/hw/design_1_wrapper.xsa
TRACE::2021-05-13.13:08:40::SCWPlatform:: Unique name xilinx:nexys4::0.0
TRACE::2021-05-13.13:08:40::SCWPlatform::Trying to set the existing hwdb with name design_1_wrapper_0
TRACE::2021-05-13.13:08:40::SCWPlatform::Opened existing hwdb design_1_wrapper_0
TRACE::2021-05-13.13:08:40::SCWPlatform::Found the Hw Db part of the input DSA
TRACE::2021-05-13.13:08:40::SCWMssOS::Checking the sw design at  D:/Github/Microblaze/MicroblazeHello_sw/design_1_wrapper/microblaze_0/standalone_microblaze_0/bsp/system.mss
TRACE::2021-05-13.13:08:40::SCWMssOS::DEBUG:  swdes dump  D:/Github/Microblaze/MicroblazeHello_sw/design_1_wrapper/microblaze_0/standalone_microblaze_0/bsp/system.mss|system||

TRACE::2021-05-13.13:08:40::SCWMssOS::Sw design exists and opened at  D:/Github/Microblaze/MicroblazeHello_sw/design_1_wrapper/microblaze_0/standalone_microblaze_0/bsp/system.mss
TRACE::2021-05-13.13:08:40::SCWPlatform::Trying to open the hw design at D:/Github/Microblaze/MicroblazeHello_sw/design_1_wrapper/hw/design_1_wrapper.xsa
TRACE::2021-05-13.13:08:40::SCWPlatform::DSA given D:/Github/Microblaze/MicroblazeHello_sw/design_1_wrapper/hw/design_1_wrapper.xsa
TRACE::2021-05-13.13:08:40::SCWPlatform::DSA absoulate path D:/Github/Microblaze/MicroblazeHello_sw/design_1_wrapper/hw/design_1_wrapper.xsa
TRACE::2021-05-13.13:08:40::SCWPlatform::DSA directory D:/Github/Microblaze/MicroblazeHello_sw/design_1_wrapper/hw
TRACE::2021-05-13.13:08:40::SCWPlatform:: Platform Path D:/Github/Microblaze/MicroblazeHello_sw/design_1_wrapper/hw/design_1_wrapper.xsa
TRACE::2021-05-13.13:08:40::SCWPlatform:: Unique name xilinx:nexys4::0.0
TRACE::2021-05-13.13:08:40::SCWPlatform::Trying to set the existing hwdb with name design_1_wrapper_0
TRACE::2021-05-13.13:08:40::SCWPlatform::Opened existing hwdb design_1_wrapper_0
TRACE::2021-05-13.13:08:40::SCWPlatform::Found the Hw Db part of the input DSA
TRACE::2021-05-13.13:08:40::SCWMssOS::Checking the sw design at  D:/Github/Microblaze/MicroblazeHello_sw/design_1_wrapper/microblaze_0/standalone_microblaze_0/bsp/system.mss
TRACE::2021-05-13.13:08:40::SCWMssOS::DEBUG:  swdes dump  D:/Github/Microblaze/MicroblazeHello_sw/design_1_wrapper/microblaze_0/standalone_microblaze_0/bsp/system.mss|system||

TRACE::2021-05-13.13:08:40::SCWMssOS::Sw design exists and opened at  D:/Github/Microblaze/MicroblazeHello_sw/design_1_wrapper/microblaze_0/standalone_microblaze_0/bsp/system.mss
TRACE::2021-05-13.13:08:40::SCWPlatform::Trying to open the hw design at D:/Github/Microblaze/MicroblazeHello_sw/design_1_wrapper/hw/design_1_wrapper.xsa
TRACE::2021-05-13.13:08:40::SCWPlatform::DSA given D:/Github/Microblaze/MicroblazeHello_sw/design_1_wrapper/hw/design_1_wrapper.xsa
TRACE::2021-05-13.13:08:40::SCWPlatform::DSA absoulate path D:/Github/Microblaze/MicroblazeHello_sw/design_1_wrapper/hw/design_1_wrapper.xsa
TRACE::2021-05-13.13:08:40::SCWPlatform::DSA directory D:/Github/Microblaze/MicroblazeHello_sw/design_1_wrapper/hw
TRACE::2021-05-13.13:08:40::SCWPlatform:: Platform Path D:/Github/Microblaze/MicroblazeHello_sw/design_1_wrapper/hw/design_1_wrapper.xsa
TRACE::2021-05-13.13:08:40::SCWPlatform:: Unique name xilinx:nexys4::0.0
TRACE::2021-05-13.13:08:40::SCWPlatform::Trying to set the existing hwdb with name design_1_wrapper_0
TRACE::2021-05-13.13:08:40::SCWPlatform::Opened existing hwdb design_1_wrapper_0
TRACE::2021-05-13.13:08:40::SCWPlatform::Found the Hw Db part of the input DSA
TRACE::2021-05-13.13:08:40::SCWMssOS::Checking the sw design at  D:/Github/Microblaze/MicroblazeHello_sw/design_1_wrapper/microblaze_0/standalone_microblaze_0/bsp/system.mss
TRACE::2021-05-13.13:08:40::SCWMssOS::DEBUG:  swdes dump  D:/Github/Microblaze/MicroblazeHello_sw/design_1_wrapper/microblaze_0/standalone_microblaze_0/bsp/system.mss|system||

TRACE::2021-05-13.13:08:40::SCWMssOS::Sw design exists and opened at  D:/Github/Microblaze/MicroblazeHello_sw/design_1_wrapper/microblaze_0/standalone_microblaze_0/bsp/system.mss
TRACE::2021-05-13.13:08:40::SCWWriter::formatted JSON is {
	"platformName":	"design_1_wrapper",
	"sprVersion":	"2.0",
	"mode":	"gui",
	"dsaType":	"Fixed",
	"platformDesc":	"design_1_wrapper",
	"platHandOff":	"D:/Github/Microblaze/Microblaze_helloword/design_1_wrapper.xsa",
	"platIntHandOff":	"<platformDir>/hw/design_1_wrapper.xsa",
	"deviceType":	"FPGA",
	"platIsPrebuiltAutogen":	"false",
	"platIsNoBootBsp":	"false",
	"hasFsblMakeHasChanges":	"false",
	"hasPmufwMakeHasChanges":	"false",
	"platPreBuiltFlag":	false,
	"platformSamplesDir":	"",
	"platActiveSys":	"design_1_wrapper",
	"systems":	[{
			"systemName":	"design_1_wrapper",
			"systemDesc":	"design_1_wrapper",
			"sysIsBootAutoGen":	"true",
			"systemDispName":	"design_1_wrapper",
			"sysActiveDom":	"standalone_microblaze_0",
			"sysDefaultDom":	"standalone_microblaze_0",
			"domains":	[{
					"domainName":	"standalone_microblaze_0",
					"domainDispName":	"standalone_microblaze_0",
					"domainDesc":	"standalone_microblaze_0",
					"processors":	"microblaze_0",
					"os":	"standalone",
					"sdxOs":	"standalone",
					"debugEnable":	"False",
					"domRuntimes":	["cpp"],
					"swRepo":	"",
					"mssOsVer":	"7.3",
					"mssFile":	"",
					"md5Digest":	"e3ceb7985f3363fb9f1dff312a66393e",
					"compatibleApp":	"hello_world",
					"domType":	"mssDomain",
					"arch":	"32-bit",
					"appSettings":	{
						"appCompilerFlags":	"",
						"appLinkerFlags":	""
					},
					"addedLibs":	[],
					"libOptions":	{
						"libsContainingOptions":	[]
					},
					"prebuiltLibs":	{
						"prebuiltIncPath":	[],
						"prebuiltLibPath":	[]
					},
					"isolation":	{
					}
				}]
		}]
}
KEYINFO::2021-05-13.13:08:40::SCWPlatform::updated the xpfm file.
TRACE::2021-05-13.13:08:40::SCWPlatform::Trying to open the hw design at D:/Github/Microblaze/MicroblazeHello_sw/design_1_wrapper/hw/design_1_wrapper.xsa
TRACE::2021-05-13.13:08:40::SCWPlatform::DSA given D:/Github/Microblaze/MicroblazeHello_sw/design_1_wrapper/hw/design_1_wrapper.xsa
TRACE::2021-05-13.13:08:40::SCWPlatform::DSA absoulate path D:/Github/Microblaze/MicroblazeHello_sw/design_1_wrapper/hw/design_1_wrapper.xsa
TRACE::2021-05-13.13:08:41::SCWPlatform::DSA directory D:/Github/Microblaze/MicroblazeHello_sw/design_1_wrapper/hw
TRACE::2021-05-13.13:08:41::SCWPlatform:: Platform Path D:/Github/Microblaze/MicroblazeHello_sw/design_1_wrapper/hw/design_1_wrapper.xsa
TRACE::2021-05-13.13:08:41::SCWPlatform:: Unique name xilinx:nexys4::0.0
TRACE::2021-05-13.13:08:41::SCWPlatform::Trying to set the existing hwdb with name design_1_wrapper_0
TRACE::2021-05-13.13:08:41::SCWPlatform::Opened existing hwdb design_1_wrapper_0
TRACE::2021-05-13.13:08:41::SCWPlatform::Found the Hw Db part of the input DSA
TRACE::2021-05-13.13:08:41::SCWMssOS::Checking the sw design at  D:/Github/Microblaze/MicroblazeHello_sw/design_1_wrapper/microblaze_0/standalone_microblaze_0/bsp/system.mss
TRACE::2021-05-13.13:08:41::SCWMssOS::DEBUG:  swdes dump  D:/Github/Microblaze/MicroblazeHello_sw/design_1_wrapper/microblaze_0/standalone_microblaze_0/bsp/system.mss|system||

TRACE::2021-05-13.13:08:41::SCWMssOS::Sw design exists and opened at  D:/Github/Microblaze/MicroblazeHello_sw/design_1_wrapper/microblaze_0/standalone_microblaze_0/bsp/system.mss
TRACE::2021-05-13.13:08:41::SCWMssOS::Saving the mss changes D:/Github/Microblaze/MicroblazeHello_sw/design_1_wrapper/microblaze_0/standalone_microblaze_0/bsp/system.mss
TRACE::2021-05-13.13:08:41::SCWMssOS::Found a swdesign opened with the mssfile.
TRACE::2021-05-13.13:08:41::SCWMssOS::Completed writemss as part of save.
TRACE::2021-05-13.13:08:41::SCWMssOS::Commit changes completed.
TRACE::2021-05-13.13:08:41::SCWPlatform::Trying to open the hw design at D:/Github/Microblaze/MicroblazeHello_sw/design_1_wrapper/hw/design_1_wrapper.xsa
TRACE::2021-05-13.13:08:41::SCWPlatform::DSA given D:/Github/Microblaze/MicroblazeHello_sw/design_1_wrapper/hw/design_1_wrapper.xsa
TRACE::2021-05-13.13:08:41::SCWPlatform::DSA absoulate path D:/Github/Microblaze/MicroblazeHello_sw/design_1_wrapper/hw/design_1_wrapper.xsa
TRACE::2021-05-13.13:08:41::SCWPlatform::DSA directory D:/Github/Microblaze/MicroblazeHello_sw/design_1_wrapper/hw
TRACE::2021-05-13.13:08:41::SCWPlatform:: Platform Path D:/Github/Microblaze/MicroblazeHello_sw/design_1_wrapper/hw/design_1_wrapper.xsa
TRACE::2021-05-13.13:08:41::SCWPlatform:: Unique name xilinx:nexys4::0.0
TRACE::2021-05-13.13:08:41::SCWPlatform::Trying to set the existing hwdb with name design_1_wrapper_0
TRACE::2021-05-13.13:08:41::SCWPlatform::Opened existing hwdb design_1_wrapper_0
TRACE::2021-05-13.13:08:41::SCWPlatform::Found the Hw Db part of the input DSA
TRACE::2021-05-13.13:08:41::SCWMssOS::Checking the sw design at  D:/Github/Microblaze/MicroblazeHello_sw/design_1_wrapper/microblaze_0/standalone_microblaze_0/bsp/system.mss
TRACE::2021-05-13.13:08:41::SCWMssOS::DEBUG:  swdes dump  D:/Github/Microblaze/MicroblazeHello_sw/design_1_wrapper/microblaze_0/standalone_microblaze_0/bsp/system.mss|system||

TRACE::2021-05-13.13:08:41::SCWMssOS::Sw design exists and opened at  D:/Github/Microblaze/MicroblazeHello_sw/design_1_wrapper/microblaze_0/standalone_microblaze_0/bsp/system.mss
TRACE::2021-05-13.13:08:41::SCWPlatform::Trying to open the hw design at D:/Github/Microblaze/MicroblazeHello_sw/design_1_wrapper/hw/design_1_wrapper.xsa
TRACE::2021-05-13.13:08:41::SCWPlatform::DSA given D:/Github/Microblaze/MicroblazeHello_sw/design_1_wrapper/hw/design_1_wrapper.xsa
TRACE::2021-05-13.13:08:41::SCWPlatform::DSA absoulate path D:/Github/Microblaze/MicroblazeHello_sw/design_1_wrapper/hw/design_1_wrapper.xsa
TRACE::2021-05-13.13:08:41::SCWPlatform::DSA directory D:/Github/Microblaze/MicroblazeHello_sw/design_1_wrapper/hw
TRACE::2021-05-13.13:08:41::SCWPlatform:: Platform Path D:/Github/Microblaze/MicroblazeHello_sw/design_1_wrapper/hw/design_1_wrapper.xsa
TRACE::2021-05-13.13:08:41::SCWPlatform:: Unique name xilinx:nexys4::0.0
TRACE::2021-05-13.13:08:41::SCWPlatform::Trying to set the existing hwdb with name design_1_wrapper_0
TRACE::2021-05-13.13:08:41::SCWPlatform::Opened existing hwdb design_1_wrapper_0
TRACE::2021-05-13.13:08:41::SCWPlatform::Found the Hw Db part of the input DSA
TRACE::2021-05-13.13:08:41::SCWMssOS::Checking the sw design at  D:/Github/Microblaze/MicroblazeHello_sw/design_1_wrapper/microblaze_0/standalone_microblaze_0/bsp/system.mss
TRACE::2021-05-13.13:08:41::SCWMssOS::DEBUG:  swdes dump  D:/Github/Microblaze/MicroblazeHello_sw/design_1_wrapper/microblaze_0/standalone_microblaze_0/bsp/system.mss|system||

TRACE::2021-05-13.13:08:41::SCWMssOS::Sw design exists and opened at  D:/Github/Microblaze/MicroblazeHello_sw/design_1_wrapper/microblaze_0/standalone_microblaze_0/bsp/system.mss
TRACE::2021-05-13.13:08:41::SCWPlatform::Trying to open the hw design at D:/Github/Microblaze/MicroblazeHello_sw/design_1_wrapper/hw/design_1_wrapper.xsa
TRACE::2021-05-13.13:08:41::SCWPlatform::DSA given D:/Github/Microblaze/MicroblazeHello_sw/design_1_wrapper/hw/design_1_wrapper.xsa
TRACE::2021-05-13.13:08:41::SCWPlatform::DSA absoulate path D:/Github/Microblaze/MicroblazeHello_sw/design_1_wrapper/hw/design_1_wrapper.xsa
TRACE::2021-05-13.13:08:41::SCWPlatform::DSA directory D:/Github/Microblaze/MicroblazeHello_sw/design_1_wrapper/hw
TRACE::2021-05-13.13:08:41::SCWPlatform:: Platform Path D:/Github/Microblaze/MicroblazeHello_sw/design_1_wrapper/hw/design_1_wrapper.xsa
TRACE::2021-05-13.13:08:41::SCWPlatform:: Unique name xilinx:nexys4::0.0
TRACE::2021-05-13.13:08:41::SCWPlatform::Trying to set the existing hwdb with name design_1_wrapper_0
TRACE::2021-05-13.13:08:41::SCWPlatform::Opened existing hwdb design_1_wrapper_0
TRACE::2021-05-13.13:08:41::SCWPlatform::Found the Hw Db part of the input DSA
TRACE::2021-05-13.13:08:41::SCWMssOS::Checking the sw design at  D:/Github/Microblaze/MicroblazeHello_sw/design_1_wrapper/microblaze_0/standalone_microblaze_0/bsp/system.mss
TRACE::2021-05-13.13:08:41::SCWMssOS::DEBUG:  swdes dump  D:/Github/Microblaze/MicroblazeHello_sw/design_1_wrapper/microblaze_0/standalone_microblaze_0/bsp/system.mss|system||

TRACE::2021-05-13.13:08:41::SCWMssOS::Sw design exists and opened at  D:/Github/Microblaze/MicroblazeHello_sw/design_1_wrapper/microblaze_0/standalone_microblaze_0/bsp/system.mss
TRACE::2021-05-13.13:08:41::SCWWriter::formatted JSON is {
	"platformName":	"design_1_wrapper",
	"sprVersion":	"2.0",
	"mode":	"gui",
	"dsaType":	"Fixed",
	"platformDesc":	"design_1_wrapper",
	"platHandOff":	"D:/Github/Microblaze/Microblaze_helloword/design_1_wrapper.xsa",
	"platIntHandOff":	"<platformDir>/hw/design_1_wrapper.xsa",
	"deviceType":	"FPGA",
	"platIsPrebuiltAutogen":	"false",
	"platIsNoBootBsp":	"false",
	"hasFsblMakeHasChanges":	"false",
	"hasPmufwMakeHasChanges":	"false",
	"platPreBuiltFlag":	false,
	"platformSamplesDir":	"",
	"platActiveSys":	"design_1_wrapper",
	"systems":	[{
			"systemName":	"design_1_wrapper",
			"systemDesc":	"design_1_wrapper",
			"sysIsBootAutoGen":	"true",
			"systemDispName":	"design_1_wrapper",
			"sysActiveDom":	"standalone_microblaze_0",
			"sysDefaultDom":	"standalone_microblaze_0",
			"domains":	[{
					"domainName":	"standalone_microblaze_0",
					"domainDispName":	"standalone_microblaze_0",
					"domainDesc":	"standalone_microblaze_0",
					"processors":	"microblaze_0",
					"os":	"standalone",
					"sdxOs":	"standalone",
					"debugEnable":	"False",
					"domRuntimes":	["cpp"],
					"swRepo":	"",
					"mssOsVer":	"7.3",
					"mssFile":	"",
					"md5Digest":	"e3ceb7985f3363fb9f1dff312a66393e",
					"compatibleApp":	"hello_world",
					"domType":	"mssDomain",
					"arch":	"32-bit",
					"appSettings":	{
						"appCompilerFlags":	"",
						"appLinkerFlags":	""
					},
					"addedLibs":	[],
					"libOptions":	{
						"libsContainingOptions":	[]
					},
					"prebuiltLibs":	{
						"prebuiltIncPath":	[],
						"prebuiltLibPath":	[]
					},
					"isolation":	{
					}
				}]
		}]
}
TRACE::2021-05-13.13:08:41::SCWPlatform::Trying to open the hw design at D:/Github/Microblaze/MicroblazeHello_sw/design_1_wrapper/hw/design_1_wrapper.xsa
TRACE::2021-05-13.13:08:41::SCWPlatform::DSA given D:/Github/Microblaze/MicroblazeHello_sw/design_1_wrapper/hw/design_1_wrapper.xsa
TRACE::2021-05-13.13:08:41::SCWPlatform::DSA absoulate path D:/Github/Microblaze/MicroblazeHello_sw/design_1_wrapper/hw/design_1_wrapper.xsa
TRACE::2021-05-13.13:08:41::SCWPlatform::DSA directory D:/Github/Microblaze/MicroblazeHello_sw/design_1_wrapper/hw
TRACE::2021-05-13.13:08:41::SCWPlatform:: Platform Path D:/Github/Microblaze/MicroblazeHello_sw/design_1_wrapper/hw/design_1_wrapper.xsa
TRACE::2021-05-13.13:08:41::SCWPlatform:: Unique name xilinx:nexys4::0.0
TRACE::2021-05-13.13:08:41::SCWPlatform::Trying to set the existing hwdb with name design_1_wrapper_0
TRACE::2021-05-13.13:08:41::SCWPlatform::Opened existing hwdb design_1_wrapper_0
TRACE::2021-05-13.13:08:41::SCWPlatform::Found the Hw Db part of the input DSA
TRACE::2021-05-13.13:08:41::SCWMssOS::Checking the sw design at  D:/Github/Microblaze/MicroblazeHello_sw/design_1_wrapper/microblaze_0/standalone_microblaze_0/bsp/system.mss
TRACE::2021-05-13.13:08:41::SCWMssOS::DEBUG:  swdes dump  D:/Github/Microblaze/MicroblazeHello_sw/design_1_wrapper/microblaze_0/standalone_microblaze_0/bsp/system.mss|system||

TRACE::2021-05-13.13:08:41::SCWMssOS::Sw design exists and opened at  D:/Github/Microblaze/MicroblazeHello_sw/design_1_wrapper/microblaze_0/standalone_microblaze_0/bsp/system.mss
TRACE::2021-05-13.13:08:41::SCWPlatform::Trying to open the hw design at D:/Github/Microblaze/MicroblazeHello_sw/design_1_wrapper/hw/design_1_wrapper.xsa
TRACE::2021-05-13.13:08:41::SCWPlatform::DSA given D:/Github/Microblaze/MicroblazeHello_sw/design_1_wrapper/hw/design_1_wrapper.xsa
TRACE::2021-05-13.13:08:41::SCWPlatform::DSA absoulate path D:/Github/Microblaze/MicroblazeHello_sw/design_1_wrapper/hw/design_1_wrapper.xsa
TRACE::2021-05-13.13:08:41::SCWPlatform::DSA directory D:/Github/Microblaze/MicroblazeHello_sw/design_1_wrapper/hw
TRACE::2021-05-13.13:08:41::SCWPlatform:: Platform Path D:/Github/Microblaze/MicroblazeHello_sw/design_1_wrapper/hw/design_1_wrapper.xsa
TRACE::2021-05-13.13:08:41::SCWPlatform:: Unique name xilinx:nexys4::0.0
TRACE::2021-05-13.13:08:41::SCWPlatform::Trying to set the existing hwdb with name design_1_wrapper_0
TRACE::2021-05-13.13:08:41::SCWPlatform::Opened existing hwdb design_1_wrapper_0
TRACE::2021-05-13.13:08:41::SCWPlatform::Found the Hw Db part of the input DSA
TRACE::2021-05-13.13:08:41::SCWMssOS::Checking the sw design at  D:/Github/Microblaze/MicroblazeHello_sw/design_1_wrapper/microblaze_0/standalone_microblaze_0/bsp/system.mss
TRACE::2021-05-13.13:08:41::SCWMssOS::DEBUG:  swdes dump  D:/Github/Microblaze/MicroblazeHello_sw/design_1_wrapper/microblaze_0/standalone_microblaze_0/bsp/system.mss|system||

TRACE::2021-05-13.13:08:41::SCWMssOS::Sw design exists and opened at  D:/Github/Microblaze/MicroblazeHello_sw/design_1_wrapper/microblaze_0/standalone_microblaze_0/bsp/system.mss
TRACE::2021-05-13.13:08:41::SCWMssOS::Saving the mss changes D:/Github/Microblaze/MicroblazeHello_sw/design_1_wrapper/microblaze_0/standalone_microblaze_0/bsp/system.mss
TRACE::2021-05-13.13:08:41::SCWMssOS::Found a swdesign opened with the mssfile.
TRACE::2021-05-13.13:08:41::SCWMssOS::Completed writemss as part of save.
TRACE::2021-05-13.13:08:41::SCWMssOS::Commit changes completed.
TRACE::2021-05-13.13:08:41::SCWPlatform::Trying to open the hw design at D:/Github/Microblaze/MicroblazeHello_sw/design_1_wrapper/hw/design_1_wrapper.xsa
TRACE::2021-05-13.13:08:41::SCWPlatform::DSA given D:/Github/Microblaze/MicroblazeHello_sw/design_1_wrapper/hw/design_1_wrapper.xsa
TRACE::2021-05-13.13:08:41::SCWPlatform::DSA absoulate path D:/Github/Microblaze/MicroblazeHello_sw/design_1_wrapper/hw/design_1_wrapper.xsa
TRACE::2021-05-13.13:08:41::SCWPlatform::DSA directory D:/Github/Microblaze/MicroblazeHello_sw/design_1_wrapper/hw
TRACE::2021-05-13.13:08:41::SCWPlatform:: Platform Path D:/Github/Microblaze/MicroblazeHello_sw/design_1_wrapper/hw/design_1_wrapper.xsa
TRACE::2021-05-13.13:08:41::SCWPlatform:: Unique name xilinx:nexys4::0.0
TRACE::2021-05-13.13:08:41::SCWPlatform::Trying to set the existing hwdb with name design_1_wrapper_0
TRACE::2021-05-13.13:08:41::SCWPlatform::Opened existing hwdb design_1_wrapper_0
TRACE::2021-05-13.13:08:41::SCWPlatform::Found the Hw Db part of the input DSA
TRACE::2021-05-13.13:08:41::SCWMssOS::Checking the sw design at  D:/Github/Microblaze/MicroblazeHello_sw/design_1_wrapper/microblaze_0/standalone_microblaze_0/bsp/system.mss
TRACE::2021-05-13.13:08:41::SCWMssOS::DEBUG:  swdes dump  D:/Github/Microblaze/MicroblazeHello_sw/design_1_wrapper/microblaze_0/standalone_microblaze_0/bsp/system.mss|system||

TRACE::2021-05-13.13:08:41::SCWMssOS::Sw design exists and opened at  D:/Github/Microblaze/MicroblazeHello_sw/design_1_wrapper/microblaze_0/standalone_microblaze_0/bsp/system.mss
TRACE::2021-05-13.13:08:41::SCWPlatform::Trying to open the hw design at D:/Github/Microblaze/MicroblazeHello_sw/design_1_wrapper/hw/design_1_wrapper.xsa
TRACE::2021-05-13.13:08:41::SCWPlatform::DSA given D:/Github/Microblaze/MicroblazeHello_sw/design_1_wrapper/hw/design_1_wrapper.xsa
TRACE::2021-05-13.13:08:41::SCWPlatform::DSA absoulate path D:/Github/Microblaze/MicroblazeHello_sw/design_1_wrapper/hw/design_1_wrapper.xsa
TRACE::2021-05-13.13:08:41::SCWPlatform::DSA directory D:/Github/Microblaze/MicroblazeHello_sw/design_1_wrapper/hw
TRACE::2021-05-13.13:08:41::SCWPlatform:: Platform Path D:/Github/Microblaze/MicroblazeHello_sw/design_1_wrapper/hw/design_1_wrapper.xsa
TRACE::2021-05-13.13:08:41::SCWPlatform:: Unique name xilinx:nexys4::0.0
TRACE::2021-05-13.13:08:41::SCWPlatform::Trying to set the existing hwdb with name design_1_wrapper_0
TRACE::2021-05-13.13:08:41::SCWPlatform::Opened existing hwdb design_1_wrapper_0
TRACE::2021-05-13.13:08:41::SCWPlatform::Found the Hw Db part of the input DSA
TRACE::2021-05-13.13:08:41::SCWMssOS::Checking the sw design at  D:/Github/Microblaze/MicroblazeHello_sw/design_1_wrapper/microblaze_0/standalone_microblaze_0/bsp/system.mss
TRACE::2021-05-13.13:08:41::SCWMssOS::DEBUG:  swdes dump  D:/Github/Microblaze/MicroblazeHello_sw/design_1_wrapper/microblaze_0/standalone_microblaze_0/bsp/system.mss|system||

TRACE::2021-05-13.13:08:41::SCWMssOS::Sw design exists and opened at  D:/Github/Microblaze/MicroblazeHello_sw/design_1_wrapper/microblaze_0/standalone_microblaze_0/bsp/system.mss
TRACE::2021-05-13.13:08:41::SCWPlatform::Trying to open the hw design at D:/Github/Microblaze/MicroblazeHello_sw/design_1_wrapper/hw/design_1_wrapper.xsa
TRACE::2021-05-13.13:08:41::SCWPlatform::DSA given D:/Github/Microblaze/MicroblazeHello_sw/design_1_wrapper/hw/design_1_wrapper.xsa
TRACE::2021-05-13.13:08:41::SCWPlatform::DSA absoulate path D:/Github/Microblaze/MicroblazeHello_sw/design_1_wrapper/hw/design_1_wrapper.xsa
TRACE::2021-05-13.13:08:41::SCWPlatform::DSA directory D:/Github/Microblaze/MicroblazeHello_sw/design_1_wrapper/hw
TRACE::2021-05-13.13:08:41::SCWPlatform:: Platform Path D:/Github/Microblaze/MicroblazeHello_sw/design_1_wrapper/hw/design_1_wrapper.xsa
TRACE::2021-05-13.13:08:41::SCWPlatform:: Unique name xilinx:nexys4::0.0
TRACE::2021-05-13.13:08:41::SCWPlatform::Trying to set the existing hwdb with name design_1_wrapper_0
TRACE::2021-05-13.13:08:41::SCWPlatform::Opened existing hwdb design_1_wrapper_0
TRACE::2021-05-13.13:08:41::SCWPlatform::Found the Hw Db part of the input DSA
TRACE::2021-05-13.13:08:41::SCWMssOS::Checking the sw design at  D:/Github/Microblaze/MicroblazeHello_sw/design_1_wrapper/microblaze_0/standalone_microblaze_0/bsp/system.mss
TRACE::2021-05-13.13:08:41::SCWMssOS::DEBUG:  swdes dump  D:/Github/Microblaze/MicroblazeHello_sw/design_1_wrapper/microblaze_0/standalone_microblaze_0/bsp/system.mss|system||

TRACE::2021-05-13.13:08:41::SCWMssOS::Sw design exists and opened at  D:/Github/Microblaze/MicroblazeHello_sw/design_1_wrapper/microblaze_0/standalone_microblaze_0/bsp/system.mss
TRACE::2021-05-13.13:08:41::SCWWriter::formatted JSON is {
	"platformName":	"design_1_wrapper",
	"sprVersion":	"2.0",
	"mode":	"gui",
	"dsaType":	"Fixed",
	"platformDesc":	"design_1_wrapper",
	"platHandOff":	"D:/Github/Microblaze/Microblaze_helloword/design_1_wrapper.xsa",
	"platIntHandOff":	"<platformDir>/hw/design_1_wrapper.xsa",
	"deviceType":	"FPGA",
	"platIsPrebuiltAutogen":	"false",
	"platIsNoBootBsp":	"false",
	"hasFsblMakeHasChanges":	"false",
	"hasPmufwMakeHasChanges":	"false",
	"platPreBuiltFlag":	false,
	"platformSamplesDir":	"",
	"platActiveSys":	"design_1_wrapper",
	"systems":	[{
			"systemName":	"design_1_wrapper",
			"systemDesc":	"design_1_wrapper",
			"sysIsBootAutoGen":	"true",
			"systemDispName":	"design_1_wrapper",
			"sysActiveDom":	"standalone_microblaze_0",
			"sysDefaultDom":	"standalone_microblaze_0",
			"domains":	[{
					"domainName":	"standalone_microblaze_0",
					"domainDispName":	"standalone_microblaze_0",
					"domainDesc":	"standalone_microblaze_0",
					"processors":	"microblaze_0",
					"os":	"standalone",
					"sdxOs":	"standalone",
					"debugEnable":	"False",
					"domRuntimes":	["cpp"],
					"swRepo":	"",
					"mssOsVer":	"7.3",
					"mssFile":	"",
					"md5Digest":	"e3ceb7985f3363fb9f1dff312a66393e",
					"compatibleApp":	"hello_world",
					"domType":	"mssDomain",
					"arch":	"32-bit",
					"appSettings":	{
						"appCompilerFlags":	"",
						"appLinkerFlags":	""
					},
					"addedLibs":	[],
					"libOptions":	{
						"libsContainingOptions":	[]
					},
					"prebuiltLibs":	{
						"prebuiltIncPath":	[],
						"prebuiltLibPath":	[]
					},
					"isolation":	{
					}
				}]
		}]
}
LOG::2021-05-13.13:08:41::SCWPlatform::Started generating the artifacts platform design_1_wrapper
TRACE::2021-05-13.13:08:41::SCWPlatform::Sanity checking of platform is completed
LOG::2021-05-13.13:08:41::SCWPlatform::Started generating the artifacts for system configuration design_1_wrapper
LOG::2021-05-13.13:08:41::SCWSystem::Started Processing the domain standalone_microblaze_0
TRACE::2021-05-13.13:08:41::SCWDomain::Generating domain artifcats
TRACE::2021-05-13.13:08:41::SCWMssOS::Generating standalone artifcats
TRACE::2021-05-13.13:08:41::SCWMssOS:: Copying the user libraries. 
TRACE::2021-05-13.13:08:41::SCWPlatform::Trying to open the hw design at D:/Github/Microblaze/MicroblazeHello_sw/design_1_wrapper/hw/design_1_wrapper.xsa
TRACE::2021-05-13.13:08:41::SCWPlatform::DSA given D:/Github/Microblaze/MicroblazeHello_sw/design_1_wrapper/hw/design_1_wrapper.xsa
TRACE::2021-05-13.13:08:41::SCWPlatform::DSA absoulate path D:/Github/Microblaze/MicroblazeHello_sw/design_1_wrapper/hw/design_1_wrapper.xsa
TRACE::2021-05-13.13:08:41::SCWPlatform::DSA directory D:/Github/Microblaze/MicroblazeHello_sw/design_1_wrapper/hw
TRACE::2021-05-13.13:08:41::SCWPlatform:: Platform Path D:/Github/Microblaze/MicroblazeHello_sw/design_1_wrapper/hw/design_1_wrapper.xsa
TRACE::2021-05-13.13:08:41::SCWPlatform:: Unique name xilinx:nexys4::0.0
TRACE::2021-05-13.13:08:41::SCWPlatform::Trying to set the existing hwdb with name design_1_wrapper_0
TRACE::2021-05-13.13:08:41::SCWPlatform::Opened existing hwdb design_1_wrapper_0
TRACE::2021-05-13.13:08:41::SCWPlatform::Found the Hw Db part of the input DSA
TRACE::2021-05-13.13:08:41::SCWMssOS::Checking the sw design at  D:/Github/Microblaze/MicroblazeHello_sw/design_1_wrapper/microblaze_0/standalone_microblaze_0/bsp/system.mss
TRACE::2021-05-13.13:08:41::SCWMssOS::DEBUG:  swdes dump  D:/Github/Microblaze/MicroblazeHello_sw/design_1_wrapper/microblaze_0/standalone_microblaze_0/bsp/system.mss|system||

TRACE::2021-05-13.13:08:41::SCWMssOS::Sw design exists and opened at  D:/Github/Microblaze/MicroblazeHello_sw/design_1_wrapper/microblaze_0/standalone_microblaze_0/bsp/system.mss
TRACE::2021-05-13.13:08:41::SCWMssOS::Completed writing the mss file at D:/Github/Microblaze/MicroblazeHello_sw/design_1_wrapper/microblaze_0/standalone_microblaze_0/bsp
TRACE::2021-05-13.13:08:41::SCWMssOS::Mss edits present, copying mssfile into export location D:/Github/Microblaze/MicroblazeHello_sw/design_1_wrapper/microblaze_0/standalone_microblaze_0/bsp/system.mss
TRACE::2021-05-13.13:08:41::SCWMssOS::bsp generated is upto date with the mss file. Skipping bsp generation.
TRACE::2021-05-13.13:08:41::SCWMssOS::BSP is already built. skipping the bsp build ... 
TRACE::2021-05-13.13:08:41::SCWDomain::Building the domain as part of full build :  standalone_microblaze_0
TRACE::2021-05-13.13:08:41::SCWMssOS::skipping the bsp build ... 
TRACE::2021-05-13.13:08:41::SCWMssOS::Copying to export directory.
TRACE::2021-05-13.13:08:41::SCWMssOS:: Checking if to create the Supporting Applications
TRACE::2021-05-13.13:08:41::SCWMssOS:: No Linux domain exists, trying to generate FSBL 
LOG::2021-05-13.13:08:41::SCWSystem::Completed Processing the domain standalone_microblaze_0
LOG::2021-05-13.13:08:41::SCWSystem::Completed Processing the sysconfig design_1_wrapper
LOG::2021-05-13.13:08:41::SCWPlatform::Completed generating the artifacts for system configuration design_1_wrapper
TRACE::2021-05-13.13:08:41::SCWPlatform::Started preparing the platform 
TRACE::2021-05-13.13:08:41::SCWSystem::Writing the bif file for system config design_1_wrapper
TRACE::2021-05-13.13:08:41::SCWSystem::dir created 
TRACE::2021-05-13.13:08:41::SCWSystem::Writing the bif 
TRACE::2021-05-13.13:08:41::SCWPlatform::Started writing the spfm file 
TRACE::2021-05-13.13:08:41::SCWPlatform::Started writing the xpfm file 
TRACE::2021-05-13.13:08:41::SCWPlatform::Completed generating the platform
TRACE::2021-05-13.13:08:41::SCWMssOS::Saving the mss changes D:/Github/Microblaze/MicroblazeHello_sw/design_1_wrapper/microblaze_0/standalone_microblaze_0/bsp/system.mss
TRACE::2021-05-13.13:08:41::SCWMssOS::Found a swdesign opened with the mssfile.
TRACE::2021-05-13.13:08:41::SCWMssOS::Completed writemss as part of save.
TRACE::2021-05-13.13:08:41::SCWMssOS::Commit changes completed.
TRACE::2021-05-13.13:08:41::SCWPlatform::Trying to open the hw design at D:/Github/Microblaze/MicroblazeHello_sw/design_1_wrapper/hw/design_1_wrapper.xsa
TRACE::2021-05-13.13:08:41::SCWPlatform::DSA given D:/Github/Microblaze/MicroblazeHello_sw/design_1_wrapper/hw/design_1_wrapper.xsa
TRACE::2021-05-13.13:08:41::SCWPlatform::DSA absoulate path D:/Github/Microblaze/MicroblazeHello_sw/design_1_wrapper/hw/design_1_wrapper.xsa
TRACE::2021-05-13.13:08:41::SCWPlatform::DSA directory D:/Github/Microblaze/MicroblazeHello_sw/design_1_wrapper/hw
TRACE::2021-05-13.13:08:41::SCWPlatform:: Platform Path D:/Github/Microblaze/MicroblazeHello_sw/design_1_wrapper/hw/design_1_wrapper.xsa
TRACE::2021-05-13.13:08:41::SCWPlatform:: Unique name xilinx:nexys4::0.0
TRACE::2021-05-13.13:08:41::SCWPlatform::Trying to set the existing hwdb with name design_1_wrapper_0
TRACE::2021-05-13.13:08:41::SCWPlatform::Opened existing hwdb design_1_wrapper_0
TRACE::2021-05-13.13:08:41::SCWPlatform::Found the Hw Db part of the input DSA
TRACE::2021-05-13.13:08:41::SCWMssOS::Checking the sw design at  D:/Github/Microblaze/MicroblazeHello_sw/design_1_wrapper/microblaze_0/standalone_microblaze_0/bsp/system.mss
TRACE::2021-05-13.13:08:41::SCWMssOS::DEBUG:  swdes dump  D:/Github/Microblaze/MicroblazeHello_sw/design_1_wrapper/microblaze_0/standalone_microblaze_0/bsp/system.mss|system||

TRACE::2021-05-13.13:08:41::SCWMssOS::Sw design exists and opened at  D:/Github/Microblaze/MicroblazeHello_sw/design_1_wrapper/microblaze_0/standalone_microblaze_0/bsp/system.mss
TRACE::2021-05-13.13:08:41::SCWPlatform::Trying to open the hw design at D:/Github/Microblaze/MicroblazeHello_sw/design_1_wrapper/hw/design_1_wrapper.xsa
TRACE::2021-05-13.13:08:41::SCWPlatform::DSA given D:/Github/Microblaze/MicroblazeHello_sw/design_1_wrapper/hw/design_1_wrapper.xsa
TRACE::2021-05-13.13:08:41::SCWPlatform::DSA absoulate path D:/Github/Microblaze/MicroblazeHello_sw/design_1_wrapper/hw/design_1_wrapper.xsa
TRACE::2021-05-13.13:08:41::SCWPlatform::DSA directory D:/Github/Microblaze/MicroblazeHello_sw/design_1_wrapper/hw
TRACE::2021-05-13.13:08:41::SCWPlatform:: Platform Path D:/Github/Microblaze/MicroblazeHello_sw/design_1_wrapper/hw/design_1_wrapper.xsa
TRACE::2021-05-13.13:08:41::SCWPlatform:: Unique name xilinx:nexys4::0.0
TRACE::2021-05-13.13:08:41::SCWPlatform::Trying to set the existing hwdb with name design_1_wrapper_0
TRACE::2021-05-13.13:08:41::SCWPlatform::Opened existing hwdb design_1_wrapper_0
TRACE::2021-05-13.13:08:41::SCWPlatform::Found the Hw Db part of the input DSA
TRACE::2021-05-13.13:08:41::SCWMssOS::Checking the sw design at  D:/Github/Microblaze/MicroblazeHello_sw/design_1_wrapper/microblaze_0/standalone_microblaze_0/bsp/system.mss
TRACE::2021-05-13.13:08:41::SCWMssOS::DEBUG:  swdes dump  D:/Github/Microblaze/MicroblazeHello_sw/design_1_wrapper/microblaze_0/standalone_microblaze_0/bsp/system.mss|system||

TRACE::2021-05-13.13:08:41::SCWMssOS::Sw design exists and opened at  D:/Github/Microblaze/MicroblazeHello_sw/design_1_wrapper/microblaze_0/standalone_microblaze_0/bsp/system.mss
TRACE::2021-05-13.13:08:41::SCWPlatform::Trying to open the hw design at D:/Github/Microblaze/MicroblazeHello_sw/design_1_wrapper/hw/design_1_wrapper.xsa
TRACE::2021-05-13.13:08:41::SCWPlatform::DSA given D:/Github/Microblaze/MicroblazeHello_sw/design_1_wrapper/hw/design_1_wrapper.xsa
TRACE::2021-05-13.13:08:41::SCWPlatform::DSA absoulate path D:/Github/Microblaze/MicroblazeHello_sw/design_1_wrapper/hw/design_1_wrapper.xsa
TRACE::2021-05-13.13:08:41::SCWPlatform::DSA directory D:/Github/Microblaze/MicroblazeHello_sw/design_1_wrapper/hw
TRACE::2021-05-13.13:08:41::SCWPlatform:: Platform Path D:/Github/Microblaze/MicroblazeHello_sw/design_1_wrapper/hw/design_1_wrapper.xsa
TRACE::2021-05-13.13:08:41::SCWPlatform:: Unique name xilinx:nexys4::0.0
TRACE::2021-05-13.13:08:41::SCWPlatform::Trying to set the existing hwdb with name design_1_wrapper_0
TRACE::2021-05-13.13:08:41::SCWPlatform::Opened existing hwdb design_1_wrapper_0
TRACE::2021-05-13.13:08:41::SCWPlatform::Found the Hw Db part of the input DSA
TRACE::2021-05-13.13:08:41::SCWMssOS::Checking the sw design at  D:/Github/Microblaze/MicroblazeHello_sw/design_1_wrapper/microblaze_0/standalone_microblaze_0/bsp/system.mss
TRACE::2021-05-13.13:08:41::SCWMssOS::DEBUG:  swdes dump  D:/Github/Microblaze/MicroblazeHello_sw/design_1_wrapper/microblaze_0/standalone_microblaze_0/bsp/system.mss|system||

TRACE::2021-05-13.13:08:41::SCWMssOS::Sw design exists and opened at  D:/Github/Microblaze/MicroblazeHello_sw/design_1_wrapper/microblaze_0/standalone_microblaze_0/bsp/system.mss
TRACE::2021-05-13.13:08:41::SCWWriter::formatted JSON is {
	"platformName":	"design_1_wrapper",
	"sprVersion":	"2.0",
	"mode":	"gui",
	"dsaType":	"Fixed",
	"platformDesc":	"design_1_wrapper",
	"platHandOff":	"D:/Github/Microblaze/Microblaze_helloword/design_1_wrapper.xsa",
	"platIntHandOff":	"<platformDir>/hw/design_1_wrapper.xsa",
	"deviceType":	"FPGA",
	"platIsPrebuiltAutogen":	"false",
	"platIsNoBootBsp":	"false",
	"hasFsblMakeHasChanges":	"false",
	"hasPmufwMakeHasChanges":	"false",
	"platPreBuiltFlag":	false,
	"platformSamplesDir":	"",
	"platActiveSys":	"design_1_wrapper",
	"systems":	[{
			"systemName":	"design_1_wrapper",
			"systemDesc":	"design_1_wrapper",
			"sysIsBootAutoGen":	"true",
			"systemDispName":	"design_1_wrapper",
			"sysActiveDom":	"standalone_microblaze_0",
			"sysDefaultDom":	"standalone_microblaze_0",
			"domains":	[{
					"domainName":	"standalone_microblaze_0",
					"domainDispName":	"standalone_microblaze_0",
					"domainDesc":	"standalone_microblaze_0",
					"processors":	"microblaze_0",
					"os":	"standalone",
					"sdxOs":	"standalone",
					"debugEnable":	"False",
					"domRuntimes":	["cpp"],
					"swRepo":	"",
					"mssOsVer":	"7.3",
					"mssFile":	"",
					"md5Digest":	"e3ceb7985f3363fb9f1dff312a66393e",
					"compatibleApp":	"hello_world",
					"domType":	"mssDomain",
					"arch":	"32-bit",
					"appSettings":	{
						"appCompilerFlags":	"",
						"appLinkerFlags":	""
					},
					"addedLibs":	[],
					"libOptions":	{
						"libsContainingOptions":	[]
					},
					"prebuiltLibs":	{
						"prebuiltIncPath":	[],
						"prebuiltLibPath":	[]
					},
					"isolation":	{
					}
				}]
		}]
}
KEYINFO::2021-05-13.13:08:41::SCWPlatform::updated the xpfm file.
LOG::2021-05-13.13:09:40::SCWPlatform::Started generating the artifacts platform design_1_wrapper
TRACE::2021-05-13.13:09:40::SCWPlatform::Sanity checking of platform is completed
LOG::2021-05-13.13:09:40::SCWPlatform::Started generating the artifacts for system configuration design_1_wrapper
LOG::2021-05-13.13:09:40::SCWSystem::Checking the domain standalone_microblaze_0
LOG::2021-05-13.13:09:40::SCWSystem::Not a boot domain 
LOG::2021-05-13.13:09:40::SCWSystem::Started Processing the domain standalone_microblaze_0
TRACE::2021-05-13.13:09:40::SCWDomain::Generating domain artifcats
TRACE::2021-05-13.13:09:40::SCWMssOS::Generating standalone artifcats
TRACE::2021-05-13.13:09:40::SCWMssOS:: Copying the user libraries. 
TRACE::2021-05-13.13:09:40::SCWPlatform::Trying to open the hw design at D:/Github/Microblaze/MicroblazeHello_sw/design_1_wrapper/hw/design_1_wrapper.xsa
TRACE::2021-05-13.13:09:40::SCWPlatform::DSA given D:/Github/Microblaze/MicroblazeHello_sw/design_1_wrapper/hw/design_1_wrapper.xsa
TRACE::2021-05-13.13:09:40::SCWPlatform::DSA absoulate path D:/Github/Microblaze/MicroblazeHello_sw/design_1_wrapper/hw/design_1_wrapper.xsa
TRACE::2021-05-13.13:09:40::SCWPlatform::DSA directory D:/Github/Microblaze/MicroblazeHello_sw/design_1_wrapper/hw
TRACE::2021-05-13.13:09:40::SCWPlatform:: Platform Path D:/Github/Microblaze/MicroblazeHello_sw/design_1_wrapper/hw/design_1_wrapper.xsa
TRACE::2021-05-13.13:09:40::SCWPlatform:: Unique name xilinx:nexys4::0.0
TRACE::2021-05-13.13:09:40::SCWPlatform::Trying to set the existing hwdb with name design_1_wrapper_0
TRACE::2021-05-13.13:09:40::SCWPlatform::Opened existing hwdb design_1_wrapper_0
TRACE::2021-05-13.13:09:40::SCWPlatform::Found the Hw Db part of the input DSA
TRACE::2021-05-13.13:09:40::SCWMssOS::Checking the sw design at  D:/Github/Microblaze/MicroblazeHello_sw/design_1_wrapper/microblaze_0/standalone_microblaze_0/bsp/system.mss
TRACE::2021-05-13.13:09:40::SCWMssOS::DEBUG:  swdes dump  D:/Github/Microblaze/MicroblazeHello_sw/design_1_wrapper/microblaze_0/standalone_microblaze_0/bsp/system.mss|system||

TRACE::2021-05-13.13:09:40::SCWMssOS::Sw design exists and opened at  D:/Github/Microblaze/MicroblazeHello_sw/design_1_wrapper/microblaze_0/standalone_microblaze_0/bsp/system.mss
TRACE::2021-05-13.13:09:40::SCWMssOS::Completed writing the mss file at D:/Github/Microblaze/MicroblazeHello_sw/design_1_wrapper/microblaze_0/standalone_microblaze_0/bsp
TRACE::2021-05-13.13:09:40::SCWMssOS::Mss edits present, copying mssfile into export location D:/Github/Microblaze/MicroblazeHello_sw/design_1_wrapper/microblaze_0/standalone_microblaze_0/bsp/system.mss
TRACE::2021-05-13.13:09:40::SCWMssOS::bsp generated is upto date with the mss file. Skipping bsp generation.
TRACE::2021-05-13.13:09:40::SCWMssOS::BSP is already built. skipping the bsp build ... 
TRACE::2021-05-13.13:09:40::SCWDomain::Building the domain as part of full build :  standalone_microblaze_0
TRACE::2021-05-13.13:09:40::SCWMssOS::doing bsp build ... 
TRACE::2021-05-13.13:09:40::SCWMssOS::System Command Ran  D: & cd  D:/Github/Microblaze/MicroblazeHello_sw/design_1_wrapper/microblaze_0/standalone_microblaze_0/bsp & make 
TRACE::2021-05-13.13:09:40::SCWMssOS::make --no-print-directory seq_libs

TRACE::2021-05-13.13:09:40::SCWMssOS::'Finished building libraries sequentially.'

TRACE::2021-05-13.13:09:40::SCWMssOS::make -j --no-print-directory par_libs

TRACE::2021-05-13.13:09:41::SCWMssOS::"Running Make include in microblaze_0/libsrc/bram_v4_5/src"

TRACE::2021-05-13.13:09:41::SCWMssOS::make -C microblaze_0/libsrc/bram_v4_5/src -s include  "SHELL=CMD" "COMPILER=mb-gcc" "ASSEMBLER=mb-as" "ARCHIVER=mb-ar" "COMPILE
TRACE::2021-05-13.13:09:41::SCWMssOS::R_FLAGS=  -O2 -c -mcpu=v11.0 -mlittle-endian -mno-xl-reorder -mno-xl-soft-mul -mxl-barrel-shift -mxl-pattern-compare" "EXTRA_CO
TRACE::2021-05-13.13:09:41::SCWMssOS::MPILER_FLAGS=-g -ffunction-sections -fdata-sections -Wall -Wextra"

TRACE::2021-05-13.13:09:41::SCWMssOS::"Running Make include in microblaze_0/libsrc/cpu_v2_12/src"

TRACE::2021-05-13.13:09:41::SCWMssOS::make -C microblaze_0/libsrc/cpu_v2_12/src -s include  "SHELL=CMD" "COMPILER=mb-gcc" "ASSEMBLER=mb-as" "ARCHIVER=mb-ar" "COMPILE
TRACE::2021-05-13.13:09:41::SCWMssOS::R_FLAGS=  -O2 -c -mcpu=v11.0 -mlittle-endian -mno-xl-reorder -mno-xl-soft-mul -mxl-barrel-shift -mxl-pattern-compare" "EXTRA_CO
TRACE::2021-05-13.13:09:41::SCWMssOS::MPILER_FLAGS=-g -ffunction-sections -fdata-sections -Wall -Wextra"

TRACE::2021-05-13.13:09:41::SCWMssOS::"Running Make include in microblaze_0/libsrc/gpio_v4_7/src"

TRACE::2021-05-13.13:09:41::SCWMssOS::make -C microblaze_0/libsrc/gpio_v4_7/src -s include  "SHELL=CMD" "COMPILER=mb-gcc" "ASSEMBLER=mb-as" "ARCHIVER=mb-ar" "COMPILE
TRACE::2021-05-13.13:09:41::SCWMssOS::R_FLAGS=  -O2 -c -mcpu=v11.0 -mlittle-endian -mno-xl-reorder -mno-xl-soft-mul -mxl-barrel-shift -mxl-pattern-compare" "EXTRA_CO
TRACE::2021-05-13.13:09:41::SCWMssOS::MPILER_FLAGS=-g -ffunction-sections -fdata-sections -Wall -Wextra"

TRACE::2021-05-13.13:09:41::SCWMssOS::"Running Make include in microblaze_0/libsrc/standalone_v7_3/src"

TRACE::2021-05-13.13:09:41::SCWMssOS::make -C microblaze_0/libsrc/standalone_v7_3/src -s include  "SHELL=CMD" "COMPILER=mb-gcc" "ASSEMBLER=mb-as" "ARCHIVER=mb-ar" "C
TRACE::2021-05-13.13:09:41::SCWMssOS::OMPILER_FLAGS=  -O2 -c -mcpu=v11.0 -mlittle-endian -mno-xl-reorder -mno-xl-soft-mul -mxl-barrel-shift -mxl-pattern-compare" "EX
TRACE::2021-05-13.13:09:41::SCWMssOS::TRA_COMPILER_FLAGS=-g -ffunction-sections -fdata-sections -Wall -Wextra"

TRACE::2021-05-13.13:09:41::SCWMssOS::"Running Make include in microblaze_0/libsrc/uartlite_v3_5/src"

TRACE::2021-05-13.13:09:41::SCWMssOS::make -C microblaze_0/libsrc/uartlite_v3_5/src -s include  "SHELL=CMD" "COMPILER=mb-gcc" "ASSEMBLER=mb-as" "ARCHIVER=mb-ar" "COM
TRACE::2021-05-13.13:09:41::SCWMssOS::PILER_FLAGS=  -O2 -c -mcpu=v11.0 -mlittle-endian -mno-xl-reorder -mno-xl-soft-mul -mxl-barrel-shift -mxl-pattern-compare" "EXTR
TRACE::2021-05-13.13:09:41::SCWMssOS::A_COMPILER_FLAGS=-g -ffunction-sections -fdata-sections -Wall -Wextra"

TRACE::2021-05-13.13:09:42::SCWMssOS::"Running Make libs in microblaze_0/libsrc/bram_v4_5/src"

TRACE::2021-05-13.13:09:42::SCWMssOS::make -C microblaze_0/libsrc/bram_v4_5/src -s libs  "SHELL=CMD" "COMPILER=mb-gcc" "ASSEMBLER=mb-as" "ARCHIVER=mb-ar" "COMPILER_F
TRACE::2021-05-13.13:09:42::SCWMssOS::LAGS=  -O2 -c -mcpu=v11.0 -mlittle-endian -mno-xl-reorder -mno-xl-soft-mul -mxl-barrel-shift -mxl-pattern-compare" "EXTRA_COMPI
TRACE::2021-05-13.13:09:42::SCWMssOS::LER_FLAGS=-g -ffunction-sections -fdata-sections -Wall -Wextra"

TRACE::2021-05-13.13:09:42::SCWMssOS::"Running Make libs in microblaze_0/libsrc/cpu_v2_12/src"

TRACE::2021-05-13.13:09:42::SCWMssOS::make -C microblaze_0/libsrc/cpu_v2_12/src -s libs  "SHELL=CMD" "COMPILER=mb-gcc" "ASSEMBLER=mb-as" "ARCHIVER=mb-ar" "COMPILER_F
TRACE::2021-05-13.13:09:42::SCWMssOS::LAGS=  -O2 -c -mcpu=v11.0 -mlittle-endian -mno-xl-reorder -mno-xl-soft-mul -mxl-barrel-shift -mxl-pattern-compare" "EXTRA_COMPI
TRACE::2021-05-13.13:09:42::SCWMssOS::LER_FLAGS=-g -ffunction-sections -fdata-sections -Wall -Wextra"

TRACE::2021-05-13.13:09:42::SCWMssOS::"Running Make libs in microblaze_0/libsrc/gpio_v4_7/src"

TRACE::2021-05-13.13:09:42::SCWMssOS::make -C microblaze_0/libsrc/gpio_v4_7/src -s libs  "SHELL=CMD" "COMPILER=mb-gcc" "ASSEMBLER=mb-as" "ARCHIVER=mb-ar" "COMPILER_F
TRACE::2021-05-13.13:09:42::SCWMssOS::LAGS=  -O2 -c -mcpu=v11.0 -mlittle-endian -mno-xl-reorder -mno-xl-soft-mul -mxl-barrel-shift -mxl-pattern-compare" "EXTRA_COMPI
TRACE::2021-05-13.13:09:42::SCWMssOS::LER_FLAGS=-g -ffunction-sections -fdata-sections -Wall -Wextra"

TRACE::2021-05-13.13:09:42::SCWMssOS::"Running Make libs in microblaze_0/libsrc/standalone_v7_3/src"

TRACE::2021-05-13.13:09:42::SCWMssOS::make -C microblaze_0/libsrc/standalone_v7_3/src -s libs  "SHELL=CMD" "COMPILER=mb-gcc" "ASSEMBLER=mb-as" "ARCHIVER=mb-ar" "COMP
TRACE::2021-05-13.13:09:43::SCWMssOS::ILER_FLAGS=  -O2 -c -mcpu=v11.0 -mlittle-endian -mno-xl-reorder -mno-xl-soft-mul -mxl-barrel-shift -mxl-pattern-compare" "EXTRA
TRACE::2021-05-13.13:09:43::SCWMssOS::_COMPILER_FLAGS=-g -ffunction-sections -fdata-sections -Wall -Wextra"

TRACE::2021-05-13.13:09:43::SCWMssOS::"Running Make libs in microblaze_0/libsrc/uartlite_v3_5/src"

TRACE::2021-05-13.13:09:43::SCWMssOS::make -C microblaze_0/libsrc/uartlite_v3_5/src -s libs  "SHELL=CMD" "COMPILER=mb-gcc" "ASSEMBLER=mb-as" "ARCHIVER=mb-ar" "COMPIL
TRACE::2021-05-13.13:09:43::SCWMssOS::ER_FLAGS=  -O2 -c -mcpu=v11.0 -mlittle-endian -mno-xl-reorder -mno-xl-soft-mul -mxl-barrel-shift -mxl-pattern-compare" "EXTRA_C
TRACE::2021-05-13.13:09:45::SCWMssOS::OMPILER_FLAGS=-g -ffunction-sections -fdata-sections -Wall -Wextra"

TRACE::2021-05-13.13:09:46::SCWMssOS::"DEBUG NON_LTO_OBJECTS is ../../../lib/microblaze_interrupt_handler.o"

TRACE::2021-05-13.13:09:48::SCWMssOS::'Finished building libraries parallelly.'

TRACE::2021-05-13.13:09:48::SCWMssOS::make --no-print-directory archive

TRACE::2021-05-13.13:09:48::SCWMssOS::mb-ar -r  microblaze_0/lib/libxil.a microblaze_0/lib/xplatform_info.o microblaze_0/lib/xuartlite.o microblaze_0/lib/microblaze_
TRACE::2021-05-13.13:09:48::SCWMssOS::disable_exceptions.o microblaze_0/lib/print.o microblaze_0/lib/_exit.o microblaze_0/lib/xil_testio.o microblaze_0/lib/microblaz
TRACE::2021-05-13.13:09:48::SCWMssOS::e_disable_dcache.o microblaze_0/lib/microblaze_flush_dcache_range.o microblaze_0/lib/microblaze_flush_cache_ext.o microblaze_0/
TRACE::2021-05-13.13:09:48::SCWMssOS::lib/xbram_sinit.o microblaze_0/lib/xil_misc_psreset_api.o microblaze_0/lib/xil_cache.o microblaze_0/lib/xil_util.o microblaze_0
TRACE::2021-05-13.13:09:48::SCWMssOS::/lib/inbyte.o microblaze_0/lib/microblaze_exception_handler.o microblaze_0/lib/xbram_g.o microblaze_0/lib/microblaze_scrub.o mi
TRACE::2021-05-13.13:09:48::SCWMssOS::croblaze_0/lib/microblaze_invalidate_dcache.o microblaze_0/lib/microblaze_disable_interrupts.o microblaze_0/lib/xbram_selftest.
TRACE::2021-05-13.13:09:48::SCWMssOS::o microblaze_0/lib/microblaze_interrupt_handler.o microblaze_0/lib/microblaze_disable_icache.o microblaze_0/lib/xgpio_g.o micro
TRACE::2021-05-13.13:09:48::SCWMssOS::blaze_0/lib/xil_mem.o microblaze_0/lib/microblaze_flush_cache_ext_range.o microblaze_0/lib/xbram_intr.o microblaze_0/lib/xil_sl
TRACE::2021-05-13.13:09:48::SCWMssOS::eepcommon.o microblaze_0/lib/xil_printf.o microblaze_0/lib/xio.o microblaze_0/lib/outbyte.o microblaze_0/lib/xgpio_intr.o micro
TRACE::2021-05-13.13:09:48::SCWMssOS::blaze_0/lib/microblaze_invalidate_dcache_range.o microblaze_0/lib/xuartlite_g.o microblaze_0/lib/microblaze_invalidate_cache_ex
TRACE::2021-05-13.13:09:48::SCWMssOS::t.o microblaze_0/lib/microblaze_sleep.o microblaze_0/lib/hw_exception_handler.o microblaze_0/lib/xuartlite_selftest.o microblaz
TRACE::2021-05-13.13:09:48::SCWMssOS::e_0/lib/xgpio_sinit.o microblaze_0/lib/microblaze_update_dcache.o microblaze_0/lib/xil_testcache.o microblaze_0/lib/microblaze_
TRACE::2021-05-13.13:09:48::SCWMssOS::selftest.o microblaze_0/lib/microblaze_interrupts_g.o microblaze_0/lib/microblaze_enable_exceptions.o microblaze_0/lib/microbla
TRACE::2021-05-13.13:09:48::SCWMssOS::ze_enable_dcache.o microblaze_0/lib/xbram.o microblaze_0/lib/microblaze_invalidate_icache_range.o microblaze_0/lib/xuartlite_si
TRACE::2021-05-13.13:09:48::SCWMssOS::nit.o microblaze_0/lib/microblaze_init_dcache_range.o microblaze_0/lib/microblaze_invalidate_icache.o microblaze_0/lib/errno.o 
TRACE::2021-05-13.13:09:48::SCWMssOS::microblaze_0/lib/xuartlite_l.o microblaze_0/lib/xuartlite_stats.o microblaze_0/lib/microblaze_invalidate_cache_ext_range.o micr
TRACE::2021-05-13.13:09:48::SCWMssOS::oblaze_0/lib/xil_exception.o microblaze_0/lib/pvr.o microblaze_0/lib/xgpio.o microblaze_0/lib/xil_testmem.o microblaze_0/lib/mi
TRACE::2021-05-13.13:09:48::SCWMssOS::croblaze_update_icache.o microblaze_0/lib/xuartlite_intr.o microblaze_0/lib/microblaze_flush_dcache.o microblaze_0/lib/xil_cloc
TRACE::2021-05-13.13:09:48::SCWMssOS::king.o microblaze_0/lib/xil_assert.o microblaze_0/lib/microblaze_enable_interrupts.o microblaze_0/lib/xgpio_extra.o microblaze_
TRACE::2021-05-13.13:09:48::SCWMssOS::0/lib/microblaze_enable_icache.o microblaze_0/lib/microblaze_init_icache_range.o microblaze_0/lib/fcntl.o microblaze_0/lib/xgpi
TRACE::2021-05-13.13:09:48::SCWMssOS::o_selftest.o

TRACE::2021-05-13.13:09:48::SCWMssOS::'Finished building libraries'

TRACE::2021-05-13.13:09:50::SCWMssOS::Copying to export directory.
TRACE::2021-05-13.13:09:51::SCWMssOS:: Checking if to create the Supporting Applications
TRACE::2021-05-13.13:09:51::SCWMssOS:: No Linux domain exists, trying to generate FSBL 
LOG::2021-05-13.13:09:51::SCWSystem::Completed Processing the domain standalone_microblaze_0
LOG::2021-05-13.13:09:51::SCWSystem::Completed Processing the sysconfig design_1_wrapper
LOG::2021-05-13.13:09:51::SCWPlatform::Completed generating the artifacts for system configuration design_1_wrapper
TRACE::2021-05-13.13:09:51::SCWPlatform::Started preparing the platform 
TRACE::2021-05-13.13:09:51::SCWSystem::Writing the bif file for system config design_1_wrapper
TRACE::2021-05-13.13:09:51::SCWSystem::dir created 
TRACE::2021-05-13.13:09:51::SCWSystem::Writing the bif 
TRACE::2021-05-13.13:09:51::SCWPlatform::Started writing the spfm file 
TRACE::2021-05-13.13:09:51::SCWPlatform::Started writing the xpfm file 
TRACE::2021-05-13.13:09:51::SCWPlatform::Completed generating the platform
TRACE::2021-05-13.13:09:51::SCWMssOS::Saving the mss changes D:/Github/Microblaze/MicroblazeHello_sw/design_1_wrapper/microblaze_0/standalone_microblaze_0/bsp/system.mss
TRACE::2021-05-13.13:09:51::SCWMssOS::Found a swdesign opened with the mssfile.
TRACE::2021-05-13.13:09:51::SCWMssOS::Completed writemss as part of save.
TRACE::2021-05-13.13:09:51::SCWMssOS::Commit changes completed.
TRACE::2021-05-13.13:09:51::SCWPlatform::Trying to open the hw design at D:/Github/Microblaze/MicroblazeHello_sw/design_1_wrapper/hw/design_1_wrapper.xsa
TRACE::2021-05-13.13:09:51::SCWPlatform::DSA given D:/Github/Microblaze/MicroblazeHello_sw/design_1_wrapper/hw/design_1_wrapper.xsa
TRACE::2021-05-13.13:09:51::SCWPlatform::DSA absoulate path D:/Github/Microblaze/MicroblazeHello_sw/design_1_wrapper/hw/design_1_wrapper.xsa
TRACE::2021-05-13.13:09:51::SCWPlatform::DSA directory D:/Github/Microblaze/MicroblazeHello_sw/design_1_wrapper/hw
TRACE::2021-05-13.13:09:51::SCWPlatform:: Platform Path D:/Github/Microblaze/MicroblazeHello_sw/design_1_wrapper/hw/design_1_wrapper.xsa
TRACE::2021-05-13.13:09:51::SCWPlatform:: Unique name xilinx:nexys4::0.0
TRACE::2021-05-13.13:09:51::SCWPlatform::Trying to set the existing hwdb with name design_1_wrapper_0
TRACE::2021-05-13.13:09:51::SCWPlatform::Opened existing hwdb design_1_wrapper_0
TRACE::2021-05-13.13:09:51::SCWPlatform::Found the Hw Db part of the input DSA
TRACE::2021-05-13.13:09:51::SCWMssOS::Checking the sw design at  D:/Github/Microblaze/MicroblazeHello_sw/design_1_wrapper/microblaze_0/standalone_microblaze_0/bsp/system.mss
TRACE::2021-05-13.13:09:51::SCWMssOS::DEBUG:  swdes dump  D:/Github/Microblaze/MicroblazeHello_sw/design_1_wrapper/microblaze_0/standalone_microblaze_0/bsp/system.mss|system||

TRACE::2021-05-13.13:09:51::SCWMssOS::Sw design exists and opened at  D:/Github/Microblaze/MicroblazeHello_sw/design_1_wrapper/microblaze_0/standalone_microblaze_0/bsp/system.mss
TRACE::2021-05-13.13:09:51::SCWPlatform::Trying to open the hw design at D:/Github/Microblaze/MicroblazeHello_sw/design_1_wrapper/hw/design_1_wrapper.xsa
TRACE::2021-05-13.13:09:51::SCWPlatform::DSA given D:/Github/Microblaze/MicroblazeHello_sw/design_1_wrapper/hw/design_1_wrapper.xsa
TRACE::2021-05-13.13:09:51::SCWPlatform::DSA absoulate path D:/Github/Microblaze/MicroblazeHello_sw/design_1_wrapper/hw/design_1_wrapper.xsa
TRACE::2021-05-13.13:09:51::SCWPlatform::DSA directory D:/Github/Microblaze/MicroblazeHello_sw/design_1_wrapper/hw
TRACE::2021-05-13.13:09:51::SCWPlatform:: Platform Path D:/Github/Microblaze/MicroblazeHello_sw/design_1_wrapper/hw/design_1_wrapper.xsa
TRACE::2021-05-13.13:09:51::SCWPlatform:: Unique name xilinx:nexys4::0.0
TRACE::2021-05-13.13:09:51::SCWPlatform::Trying to set the existing hwdb with name design_1_wrapper_0
TRACE::2021-05-13.13:09:51::SCWPlatform::Opened existing hwdb design_1_wrapper_0
TRACE::2021-05-13.13:09:51::SCWPlatform::Found the Hw Db part of the input DSA
TRACE::2021-05-13.13:09:51::SCWMssOS::Checking the sw design at  D:/Github/Microblaze/MicroblazeHello_sw/design_1_wrapper/microblaze_0/standalone_microblaze_0/bsp/system.mss
TRACE::2021-05-13.13:09:51::SCWMssOS::DEBUG:  swdes dump  D:/Github/Microblaze/MicroblazeHello_sw/design_1_wrapper/microblaze_0/standalone_microblaze_0/bsp/system.mss|system||

TRACE::2021-05-13.13:09:51::SCWMssOS::Sw design exists and opened at  D:/Github/Microblaze/MicroblazeHello_sw/design_1_wrapper/microblaze_0/standalone_microblaze_0/bsp/system.mss
TRACE::2021-05-13.13:09:51::SCWPlatform::Trying to open the hw design at D:/Github/Microblaze/MicroblazeHello_sw/design_1_wrapper/hw/design_1_wrapper.xsa
TRACE::2021-05-13.13:09:51::SCWPlatform::DSA given D:/Github/Microblaze/MicroblazeHello_sw/design_1_wrapper/hw/design_1_wrapper.xsa
TRACE::2021-05-13.13:09:51::SCWPlatform::DSA absoulate path D:/Github/Microblaze/MicroblazeHello_sw/design_1_wrapper/hw/design_1_wrapper.xsa
TRACE::2021-05-13.13:09:51::SCWPlatform::DSA directory D:/Github/Microblaze/MicroblazeHello_sw/design_1_wrapper/hw
TRACE::2021-05-13.13:09:51::SCWPlatform:: Platform Path D:/Github/Microblaze/MicroblazeHello_sw/design_1_wrapper/hw/design_1_wrapper.xsa
TRACE::2021-05-13.13:09:51::SCWPlatform:: Unique name xilinx:nexys4::0.0
TRACE::2021-05-13.13:09:51::SCWPlatform::Trying to set the existing hwdb with name design_1_wrapper_0
TRACE::2021-05-13.13:09:51::SCWPlatform::Opened existing hwdb design_1_wrapper_0
TRACE::2021-05-13.13:09:51::SCWPlatform::Found the Hw Db part of the input DSA
TRACE::2021-05-13.13:09:51::SCWMssOS::Checking the sw design at  D:/Github/Microblaze/MicroblazeHello_sw/design_1_wrapper/microblaze_0/standalone_microblaze_0/bsp/system.mss
TRACE::2021-05-13.13:09:51::SCWMssOS::DEBUG:  swdes dump  D:/Github/Microblaze/MicroblazeHello_sw/design_1_wrapper/microblaze_0/standalone_microblaze_0/bsp/system.mss|system||

TRACE::2021-05-13.13:09:51::SCWMssOS::Sw design exists and opened at  D:/Github/Microblaze/MicroblazeHello_sw/design_1_wrapper/microblaze_0/standalone_microblaze_0/bsp/system.mss
TRACE::2021-05-13.13:09:51::SCWWriter::formatted JSON is {
	"platformName":	"design_1_wrapper",
	"sprVersion":	"2.0",
	"mode":	"gui",
	"dsaType":	"Fixed",
	"platformDesc":	"design_1_wrapper",
	"platHandOff":	"D:/Github/Microblaze/Microblaze_helloword/design_1_wrapper.xsa",
	"platIntHandOff":	"<platformDir>/hw/design_1_wrapper.xsa",
	"deviceType":	"FPGA",
	"platIsPrebuiltAutogen":	"false",
	"platIsNoBootBsp":	"false",
	"hasFsblMakeHasChanges":	"false",
	"hasPmufwMakeHasChanges":	"false",
	"platPreBuiltFlag":	false,
	"platformSamplesDir":	"",
	"platActiveSys":	"design_1_wrapper",
	"systems":	[{
			"systemName":	"design_1_wrapper",
			"systemDesc":	"design_1_wrapper",
			"sysIsBootAutoGen":	"true",
			"systemDispName":	"design_1_wrapper",
			"sysActiveDom":	"standalone_microblaze_0",
			"sysDefaultDom":	"standalone_microblaze_0",
			"domains":	[{
					"domainName":	"standalone_microblaze_0",
					"domainDispName":	"standalone_microblaze_0",
					"domainDesc":	"standalone_microblaze_0",
					"processors":	"microblaze_0",
					"os":	"standalone",
					"sdxOs":	"standalone",
					"debugEnable":	"False",
					"domRuntimes":	["cpp"],
					"swRepo":	"",
					"mssOsVer":	"7.3",
					"mssFile":	"",
					"md5Digest":	"e3ceb7985f3363fb9f1dff312a66393e",
					"compatibleApp":	"hello_world",
					"domType":	"mssDomain",
					"arch":	"32-bit",
					"appSettings":	{
						"appCompilerFlags":	"",
						"appLinkerFlags":	""
					},
					"addedLibs":	[],
					"libOptions":	{
						"libsContainingOptions":	[]
					},
					"prebuiltLibs":	{
						"prebuiltIncPath":	[],
						"prebuiltLibPath":	[]
					},
					"isolation":	{
					}
				}]
		}]
}
KEYINFO::2021-05-13.13:09:51::SCWPlatform::updated the xpfm file.
TRACE::2021-05-13.13:09:51::SCWPlatform::Trying to open the hw design at D:/Github/Microblaze/MicroblazeHello_sw/design_1_wrapper/hw/design_1_wrapper.xsa
TRACE::2021-05-13.13:09:51::SCWPlatform::DSA given D:/Github/Microblaze/MicroblazeHello_sw/design_1_wrapper/hw/design_1_wrapper.xsa
TRACE::2021-05-13.13:09:51::SCWPlatform::DSA absoulate path D:/Github/Microblaze/MicroblazeHello_sw/design_1_wrapper/hw/design_1_wrapper.xsa
TRACE::2021-05-13.13:09:51::SCWPlatform::DSA directory D:/Github/Microblaze/MicroblazeHello_sw/design_1_wrapper/hw
TRACE::2021-05-13.13:09:51::SCWPlatform:: Platform Path D:/Github/Microblaze/MicroblazeHello_sw/design_1_wrapper/hw/design_1_wrapper.xsa
TRACE::2021-05-13.13:09:51::SCWPlatform:: Unique name xilinx:nexys4::0.0
TRACE::2021-05-13.13:09:51::SCWPlatform::Trying to set the existing hwdb with name design_1_wrapper_0
TRACE::2021-05-13.13:09:51::SCWPlatform::Opened existing hwdb design_1_wrapper_0
TRACE::2021-05-13.13:09:51::SCWPlatform::Found the Hw Db part of the input DSA
TRACE::2021-05-13.13:09:51::SCWMssOS::Checking the sw design at  D:/Github/Microblaze/MicroblazeHello_sw/design_1_wrapper/microblaze_0/standalone_microblaze_0/bsp/system.mss
TRACE::2021-05-13.13:09:51::SCWMssOS::DEBUG:  swdes dump  D:/Github/Microblaze/MicroblazeHello_sw/design_1_wrapper/microblaze_0/standalone_microblaze_0/bsp/system.mss|system||

TRACE::2021-05-13.13:09:51::SCWMssOS::Sw design exists and opened at  D:/Github/Microblaze/MicroblazeHello_sw/design_1_wrapper/microblaze_0/standalone_microblaze_0/bsp/system.mss
